C51 COMPILER V9.54   MAIN                                                                  10/12/2025 22:42:10 PAGE 1   


C51 COMPILER V9.54, COMPILATION OF MODULE MAIN
OBJECT MODULE PLACED IN .\Objects\main.obj
COMPILER INVOKED BY: C:\Keil_v51\C51\BIN\C51.EXE main.c OPTIMIZE(8,SPEED) BROWSE DEBUG OBJECTEXTEND PRINT(.\Listings\mai
                    -n.lst) OBJECT(.\Objects\main.obj)

line level    source

   1          #include <stc8h.h>
   2          #include "LED.h"
   3           int main(void)
   4          {
   5   1      
   6   1       LED_Init();
   7   1       LED_Text1();
   8   1       LED_Text2();
   9   1       LED_Text3();
  10   1       LED_Text4();
  11   1            while(1)
  12   1            {
  13   2            
  14   2      
  15   2            }
  16   1      }


MODULE INFORMATION:   STATIC OVERLAYABLE
   CODE SIZE        =     17    ----
   CONSTANT SIZE    =   ----    ----
   XDATA SIZE       =   ----    ----
   PDATA SIZE       =   ----    ----
   DATA SIZE        =   ----    ----
   IDATA SIZE       =   ----    ----
   BIT SIZE         =   ----    ----
END OF MODULE INFORMATION.


C51 COMPILATION COMPLETE.  0 WARNING(S),  0 ERROR(S)
