C51 COMPILER V9.54   MAIN                                                                  05/06/2026 09:05:24 PAGE 1   


C51 COMPILER V9.54, COMPILATION OF MODULE MAIN
OBJECT MODULE PLACED IN .\Objects\main.obj
COMPILER INVOKED BY: C:\Users\Administrator\AppData\Local\Keil_v5\C51\BIN\C51.EXE main.c OPTIMIZE(8,SPEED) BROWSE DEBUG 
                    -OBJECTEXTEND PRINT(.\Listings\main.lst) OBJECT(.\Objects\main.obj)

line level    source

   1          #include <stc8h.h>
   2          #include "LED.h"
   3          #include "Delay.h"
   4          unsigned char code BeatCode[8] = {//步进电机节拍对应io口
   5                0x70,0x30,0xb0,0x90,0xc0,0xe0,0xe0,0x60
   6          };
   7          void TurnMotor(unsigned long angle);
   8          void  main(void)
   9          {
  10   1      //      unsigned char tmp;//定义一个临时变量
  11   1      //      unsigned char index = 0;//定义节拍输出索引
  12   1            P6M0 = 0xF0;P6M1 = 0x00;     
  13   1                      TurnMotor(90);
  14   1            while(1)
  15   1            {
  16   2      //            tmp =P6;//用tmp保存当前P6的值
  17   2      //            tmp = tmp & 0x0f;//只保留P6的4位
  18   2      //            tmp = tmp|BeatCode[index];//将BeatCode[index]的值与P6的4位进行或运算
  19   2      //            P6 = tmp;//将tmp的值赋给P6
  20   2      //            index++;//节拍输出索引加1
  21   2      //            index = index & 0x07;//高效循环：index & 0x07 比 index % 8 更快（位运算替代取
             -模）
  22   2      //            Delay_ms(2);
  23   2      
  24   2            }
  25   1      }
  26          // 输入参数：angle为旋转角度（度）
  27          void TurnMotor(unsigned long angle)
  28          {
  29   1            unsigned char tmp; // 临时变量，用于位操作
  30   1            unsigned char index = 0; // 节拍索引（0-7循环）
  31   1            unsigned long beats = 0;// 总节拍数
  32   1      
  33   1            beats = (angle*4096)/360;     // 计算需要输出的节拍数
  34   1            while(beats--) // 每循环一次，beats减1，直到为0退出
  35   1            {
  36   2                   // [与之前解释相同的位操作逻辑]
  37   2                  tmp = P6; // 保留低4位
  38   2                  tmp = tmp & 0x0f;
  39   2                  tmp = tmp | BeatCode[index];// 组合节拍码
  40   2                  P6 = tmp;  // 输出到端口
  41   2                  index++; // 节拍索引递增
  42   2                  index = index & 0x07; // 模8循环（0-7）
  43   2                  Delay_ms(5); // 每拍2ms
  44   2                  
  45   2            }
  46   1            P6 = P6 | 0xf0;// 输出0xF0到P6高4位，关闭所有相
  47   1      
  48   1      }
  49          // TurnMotor(90);   // 旋转90度（1024拍）
  50          // TurnMotor(180);  // 旋转180度（2048拍）
  51          // TurnMotor(360);  // 旋转一圈（4096拍）


C51 COMPILER V9.54   MAIN                                                                  05/06/2026 09:05:24 PAGE 2   

MODULE INFORMATION:   STATIC OVERLAYABLE
   CODE SIZE        =    115    ----
   CONSTANT SIZE    =      8    ----
   XDATA SIZE       =   ----    ----
   PDATA SIZE       =   ----    ----
   DATA SIZE        =   ----      10
   IDATA SIZE       =   ----    ----
   BIT SIZE         =   ----    ----
END OF MODULE INFORMATION.


C51 COMPILATION COMPLETE.  0 WARNING(S),  0 ERROR(S)
