C51 COMPILER V9.54   TIMER                                                                 05/06/2026 09:05:24 PAGE 1   


C51 COMPILER V9.54, COMPILATION OF MODULE TIMER
OBJECT MODULE PLACED IN .\Objects\Timer.obj
COMPILER INVOKED BY: C:\Users\Administrator\AppData\Local\Keil_v5\C51\BIN\C51.EXE Timer.c OPTIMIZE(8,SPEED) BROWSE DEBUG
                    - OBJECTEXTEND PRINT(.\Listings\Timer.lst) OBJECT(.\Objects\Timer.obj)

line level    source

   1          #include "Timer.h"
   2          
   3          unsigned char cnt = 0;
   4          void Timer_Init(void)
   5          {
   6   1              P4M0=0XFF;
   7   1              P4M1=0XFF;
   8   1              P6M0=0X00;
   9   1              P6M1=0X00;
  10   1              
  11   1              P40=0;//LED阳极。三极管导通
  12   1              
  13   1              AUXR = 0X00; //辅助寄存器配置
  14   1              TMOD &= 0XF0;//定时器模式寄存器配置
  15   1              
  16   1              TMOD = 0X00;//定时器模式寄存器配置
  17   1              TL0 = 0XB0;
  18   1              TH0 = 0X3C;
  19   1              TR0 = 1;
  20   1              while(1)
  21   1              {
  22   2                      if(TF0 == 1)
  23   2                      {
  24   3                              TF0 = 0;
  25   3                              cnt ++;
  26   3                              if(cnt ==20)                                            
  27   3                              P6 =~ P6;
  28   3                      }       
  29   2              }       
  30   1      }
  31          
  32          //中断时，后续功能放主函数
  33          //中断不能传参
  34          //中断没有返回值
  35          //中断函数不用声明
  36          //中断好处1.提高CPU效率2.实现实时处理功能3.实现分时操作
  37          //
  38          void Timer0(void) interrupt 0
  39          { 
  40   1                      cnt ++;
  41   1                      if(cnt == 20)
  42   1                      {
  43   2                              cnt = 0;                                        
  44   2                              P6 =~ P6;
  45   2                      }
  46   1      
  47   1      }
  48          //void Timer0(void) interrupt 0
  49          //{ 
  50          //              if(TF0 == 1)
  51          //              {
  52          //                      TF0 = 0;
  53          //                      cnt ++;
  54          //                      if(cnt ==20)                                            
C51 COMPILER V9.54   TIMER                                                                 05/06/2026 09:05:24 PAGE 2   

  55          //                      P6 =~ P6;
  56          //              }
  57          
  58          //}
  59          /*查询法，一般定时器不用
  60          void Timer0_Init(void)          //@11.0592MHz
  61          {
  62                  AUXR &= 0x7F;                   //12分频  XXXX XXXX & 0111 1111 -> 0XXX XXXX
  63                  TMOD &= 0xF0;                   //模式 
  64                  TL0 = 0x66;                             
  65                  TH0 = 0xFC;                             
  66                  TF0 = 0;                                
  67                  TR0 = 1;                                
  68          }
  69          */


MODULE INFORMATION:   STATIC OVERLAYABLE
   CODE SIZE        =     67    ----
   CONSTANT SIZE    =   ----    ----
   XDATA SIZE       =   ----    ----
   PDATA SIZE       =   ----    ----
   DATA SIZE        =      1    ----
   IDATA SIZE       =   ----    ----
   BIT SIZE         =   ----    ----
END OF MODULE INFORMATION.


C51 COMPILATION COMPLETE.  0 WARNING(S),  0 ERROR(S)
