C51 COMPILER V9.54   LED                                                                   05/21/2026 00:14:41 PAGE 1   


C51 COMPILER V9.54, COMPILATION OF MODULE LED
OBJECT MODULE PLACED IN .\Objects\LED.obj
COMPILER INVOKED BY: C:\Users\Administrator\AppData\Local\Keil_v5\C51\BIN\C51.EXE LED.c OPTIMIZE(8,SPEED) BROWSE DEBUG O
                    -BJECTEXTEND PRINT(.\Listings\LED.lst) OBJECT(.\Objects\LED.obj)

line level    source

   1          #include "LED.h"
   2          #include "Delay.h"
   3          #include "intrins.h"
   4          
   5          unsigned char LED[]={0xFE,0xFD,0xFB,0xF7,0xEF,0xDF,0xBF,0x7F};
   6          unsigned char i,a,b,temp= 0x01;
   7          
   8          //P6УПИіЕФвтвх
   9          void LED_Init(void)
  10          {
  11   1          P_SW2 |= 0x80; 
  12   1      
  13   1          P0M1 = 0x30;   P0M0 = 0x30;         //0011 0000 P0^4 P0^5 в§НХ ОљЮЊ1ЃЌХфжУПЊТЉЪфГі ЦфгрЮЊ0
  14   1          P1M1 = 0x30;   P1M0 = 0x30;         //0011 0000 P1^4 P1^5 в§НХ ОљЮЊ1ЃЌХфжУПЊТЉЪфГі ЦфгрЮЊ0
  15   1          P2M1 = 0x3c;   P2M0 = 0x3c;         //0011 1100 P2^2 P2^3 P2^4 P2^5в§НХЮЊ1ЃЌПЊТЉЪфГі
  16   1          P3M1 = 0x50;   P3M0 = 0x50;     //0101 0000 P3^4 ФЃФтЪфШы P3^5 ЭЦЭьЪфГі     
  17   1          P4M1 = 0x3c;   P4M0 = 0x3c;         //0011 1100 P4^2 P4^3 P4^4 P4^5в§НХЮЊ1ЃЌПЊТЉЪфГі
  18   1          P5M1 = 0x0c;   P5M0 = 0x0c;         //0000 1100     P5^2 P5^3 в§НХ ОљЮЊ1ЃЌХфжУПЊТЉЪфГі 
  19   1          P6M1 = 0x00;   P6M0 = 0x00;         //0000 0000 ЫљгаPxM1=0,PxM0=0,зМЫЋЯђПк 
  20   1          P7M1 = 0x00;   P7M0 = 0x00;         //0000 0000
  21   1      
  22   1          P40 = 0;            //LED Power On
  23   1      
  24   1      }
  25          
  26          void LED_Text1(void)
  27          {
  28   1              unsigned char time = 0;
  29   1              LED_Init();
  30   1              P6 = 0xFF;
  31   1              for(i = 0 ; i < 8 ; i++)
  32   1              {
  33   2                      P6 = ~(0x01<<i);
  34   2                      Delay_ms(50);
  35   2                      P6 = 0xFF;                      //ЫљгаЮЛЩшЮЊ1
  36   2                      time += 100;
  37   2                      Delay_ms(time);
  38   2              }
  39   1              Delay_ms(500);
  40   1      }
  41          //дѕУДЪЕЯжвЛИіГЬађФкЃЌЫйЖШдНРДдНПь
  42          void LED_Text2(void)
  43          {
  44   1              LED_Init();
  45   1              P6 = 0xFF;
  46   1              for(b = 0 ; b < 8 ; b++)
  47   1              {
  48   2                      P6 = _cror_(0x7F,b);
  49   2                      Delay_ms(100);
  50   2              }
  51   1              Delay_ms(500);
  52   1      
  53   1      }
  54          
C51 COMPILER V9.54   LED                                                                   05/21/2026 00:14:41 PAGE 2   

  55          void LED_Text3(void)
  56          {
  57   1              LED_Init();
  58   1              P6 = 0xFF;
  59   1              for(a = 0 ; a < 8 ; a++)
  60   1              {
  61   2                      P6 = LED[a];
  62   2                      Delay_ms(200);
  63   2              }
  64   1              Delay_ms(500);
  65   1      }
  66          
  67          void LED_Text4(void)
  68          { 
  69   1              LED_Init();
  70   1              P6 = 0xFF;//1111 1111
  71   1              //0x80 =  1000 0000
  72   1              for(i=8; i>=0; i--)
  73   1              {
  74   2                  P6 = 0xFF;          
  75   2                  P6 = ~(1 << i);  //1.дѕУДЪЕЯжгввЦ 
  76   2                  Delay_ms(200);
  77   2              }
  78   1              Delay_ms(500);
  79   1      
  80   1      }


MODULE INFORMATION:   STATIC OVERLAYABLE
   CODE SIZE        =    235    ----
   CONSTANT SIZE    =   ----    ----
   XDATA SIZE       =   ----    ----
   PDATA SIZE       =   ----    ----
   DATA SIZE        =     12       1
   IDATA SIZE       =   ----    ----
   BIT SIZE         =   ----    ----
END OF MODULE INFORMATION.


C51 COMPILATION COMPLETE.  0 WARNING(S),  0 ERROR(S)
