C51 COMPILER V9.54   MAIN                                                                  05/21/2026 00:14:41 PAGE 1   


C51 COMPILER V9.54, COMPILATION OF MODULE MAIN
OBJECT MODULE PLACED IN .\Objects\main.obj
COMPILER INVOKED BY: C:\Users\Administrator\AppData\Local\Keil_v5\C51\BIN\C51.EXE main.c OPTIMIZE(8,SPEED) BROWSE DEBUG 
                    -OBJECTEXTEND PRINT(.\Listings\main.lst) OBJECT(.\Objects\main.obj)

line level    source

   1          #include <stc8h.h>
   2          #include "LED.h"
   3           int main(void)
   4          {
   5   1      
   6   1       LED_Init();
   7   1      
   8   1            while(1)
   9   1            {
  10   2      //              LED_Text1();
  11   2      //               LED_Text2();//you
  12   2      //               LED_Text3();//zuo
  13   2                       LED_Text4();
  14   2      
  15   2            }
  16   1      }


MODULE INFORMATION:   STATIC OVERLAYABLE
   CODE SIZE        =      8    ----
   CONSTANT SIZE    =   ----    ----
   XDATA SIZE       =   ----    ----
   PDATA SIZE       =   ----    ----
   DATA SIZE        =   ----    ----
   IDATA SIZE       =   ----    ----
   BIT SIZE         =   ----    ----
END OF MODULE INFORMATION.


C51 COMPILATION COMPLETE.  0 WARNING(S),  0 ERROR(S)
