C51 COMPILER V9.54   DELAY                                                                 10/30/2025 09:39:59 PAGE 1   


C51 COMPILER V9.54, COMPILATION OF MODULE DELAY
OBJECT MODULE PLACED IN .\Objects\Delay.obj
COMPILER INVOKED BY: C:\Keil_v51\C51\BIN\C51.EXE Delay.c OPTIMIZE(8,SPEED) BROWSE DEBUG OBJECTEXTEND PRINT(.\Listings\De
                    -lay.lst) OBJECT(.\Objects\Delay.obj)

line level    source

   1          #include "Delay.h"
   2          
   3          void Delay_ms(u8 ms)
   4          {
   5   1           u16 i;
   6   1           do{
   7   2                i = MAIN_Fosc / 10000;
   8   2                while(--i);   //10T per loop
   9   2           }while(--ms);
  10   1      }


MODULE INFORMATION:   STATIC OVERLAYABLE
   CODE SIZE        =     16    ----
   CONSTANT SIZE    =   ----    ----
   XDATA SIZE       =   ----    ----
   PDATA SIZE       =   ----    ----
   DATA SIZE        =   ----    ----
   IDATA SIZE       =   ----    ----
   BIT SIZE         =   ----    ----
END OF MODULE INFORMATION.


C51 COMPILATION COMPLETE.  0 WARNING(S),  0 ERROR(S)
