C51 COMPILER V9.54   MAIN                                                                  05/28/2026 17:24:44 PAGE 1   


C51 COMPILER V9.54, COMPILATION OF MODULE MAIN
OBJECT MODULE PLACED IN main.OBJ
COMPILER INVOKED BY: C:\Users\Administrator\AppData\Local\Keil_v5\C51\BIN\C51.EXE main.c OPTIMIZE(8,SPEED) BROWSE INCDIR
                    -(.\Listings) DEBUG OBJECTEXTEND PRINT(.\Listings\main.lst)

line level    source

   1          #include "main.h"
   2          
   3          unsigned char LedBuff[6] = {0xC0,0xC0,0xFF,0xFF,0xC0,0xC0};
   4          // 全局变量定义
   5          unsigned char T0RH = 0;
   6          unsigned char T0RL = 0;
   7          unsigned char i = 0;
   8          
   9          uint8_t cnt = 0;
  10          uint8_t clok_time[8] = {0,0,0xbe,0,0,0xbe,0,0}; 
  11          
  12          unsigned char ircode[4];
  13          bit irflag = 0;
  14          
  15          int main(void)  
  16          {          
  17   1              P3M0 = 0x00;P3M1 = 0x10; 
  18   1              Nix_Init();
  19   1      //      Timer1_Init();
  20   1              EA = 1;//开总中断
  21   1      
  22   1              InitInfrared();//红外初始化
  23   1              ConfigTimer0(1);//配置定时器0定时1ms
  24   1      
  25   1          while(1)
  26   1          {
  27   2                      if(irflag)
  28   2                      {
  29   3                              irflag = 0;
  30   3                              LedBuff[5] = Nix[ircode[0] >> 4];//用户码显示
  31   3                              LedBuff[4] = Nix[ircode[0] & 0x0f];
  32   3                              LedBuff[1] = Nix[ircode[2] >> 4];
  33   3                              LedBuff[0] = Nix[ircode[2] & 0x0f];
  34   3      
  35   3                      }
  36   2      
  37   2              }
  38   1      }


MODULE INFORMATION:   STATIC OVERLAYABLE
   CODE SIZE        =     94    ----
   CONSTANT SIZE    =   ----    ----
   XDATA SIZE       =   ----    ----
   PDATA SIZE       =   ----    ----
   DATA SIZE        =     22    ----
   IDATA SIZE       =   ----    ----
   BIT SIZE         =      1    ----
END OF MODULE INFORMATION.


C51 COMPILATION COMPLETE.  0 WARNING(S),  0 ERROR(S)
