C51 COMPILER V9.54   RTC                                                                   04/27/2026 09:45:55 PAGE 1   


C51 COMPILER V9.54, COMPILATION OF MODULE RTC
OBJECT MODULE PLACED IN RTC.OBJ
COMPILER INVOKED BY: C:\Users\Administrator\AppData\Local\Keil_v5\C51\BIN\C51.EXE RTC.c OPTIMIZE(8,SPEED) BROWSE DEBUG O
                    -BJECTEXTEND PRINT(.\Listings\RTC.lst)

line level    source

   1          #include "RTC.h"
   2          
   3          extern uint8_t code time[];
   4          
   5          void RTC_config()
   6          {
   7   1              X32KCR = 0XC0;
   8   1              while(!(X32KCR & 0X01));
   9   1              RTCCFG &= ~0X02;
  10   1              
  11   1              INIYEAR = time[0];
  12   1              INIMONTH = time[1];
  13   1              INIDAY = time[2];
  14   1              INIHOUR = time[3];
  15   1              INIMIN = time[4];
  16   1              INISEC = time[5];
  17   1              INISSEC = 0;
  18   1              
  19   1              RTCCFG |= 0X01;
  20   1              RTCCR = 0X01;
  21   1              while(RTCCFG & 0x01);
  22   1      
  23   1      }


MODULE INFORMATION:   STATIC OVERLAYABLE
   CODE SIZE        =     98    ----
   CONSTANT SIZE    =   ----    ----
   XDATA SIZE       =   ----    ----
   PDATA SIZE       =   ----    ----
   DATA SIZE        =   ----    ----
   IDATA SIZE       =   ----    ----
   BIT SIZE         =   ----    ----
END OF MODULE INFORMATION.


C51 COMPILATION COMPLETE.  0 WARNING(S),  0 ERROR(S)
