C51 COMPILER V9.54   DELAY                                                                 05/17/2026 17:22:42 PAGE 1   


C51 COMPILER V9.54, COMPILATION OF MODULE DELAY
OBJECT MODULE PLACED IN .\Objects\Delay.obj
COMPILER INVOKED BY: C:\Users\Administrator\AppData\Local\Keil_v5\C51\BIN\C51.EXE Delay.c OPTIMIZE(8,SPEED) BROWSE DEBUG
                    - OBJECTEXTEND PRINT(.\Listings\Delay.lst) OBJECT(.\Objects\Delay.obj)

line level    source

   1          #include "Delay.h"
   2          
   3          void Delay_ms(u8 ms)
   4           
   5          {
   6   1           u16 i;
   7   1           do{
   8   2                i = MAIN_Fosc / 10000;
   9   2                while(--i);   //10T per loop
  10   2           }while(--ms);
  11   1      }
  12          
  13          void Delay1us(u8 us)    //@11.0592MHz
  14          {
  15   1              u16 i;
  16   1           do{
  17   2                i = MAIN_Fosc / 10000000;
  18   2                while(--i);   //10T per loop
  19   2              }while (--us);
  20   1      }


MODULE INFORMATION:   STATIC OVERLAYABLE
   CODE SIZE        =     32    ----
   CONSTANT SIZE    =   ----    ----
   XDATA SIZE       =   ----    ----
   PDATA SIZE       =   ----    ----
   DATA SIZE        =   ----    ----
   IDATA SIZE       =   ----    ----
   BIT SIZE         =   ----    ----
END OF MODULE INFORMATION.


C51 COMPILATION COMPLETE.  0 WARNING(S),  0 ERROR(S)
