C51 COMPILER V9.54   NIX                                                                   05/17/2026 17:22:42 PAGE 1   


C51 COMPILER V9.54, COMPILATION OF MODULE NIX
OBJECT MODULE PLACED IN .\Objects\Nix.obj
COMPILER INVOKED BY: C:\Users\Administrator\AppData\Local\Keil_v5\C51\BIN\C51.EXE Nix.c OPTIMIZE(8,SPEED) BROWSE DEBUG O
                    -BJECTEXTEND PRINT(.\Listings\Nix.lst) OBJECT(.\Objects\Nix.obj)

line level    source

   1          #include "Nix.h"
   2          #include "Delay.h"
   3          
   4          uint_32 Nix[]={0xC0,0xF9,0xA4,0xB0,0x99,0x92,0x82,0xF8,0x80,0x90,0x88,0x83,0xC6,0xA1,0x86,0x8E};   //共阳
   5          //      0    1    2    3    4    5    6    7    8    9    A    B    C    D    E    F
   6          //    0xC0,0xF9,0xA4,0xB0,0x99,0x92,0x82,0xF8,0x80,0x90,0x88,0x83,0xC6,0xA1,0x86,0x8E
   7          //      0.       1.   2.   3.   4.       5.   6.   7.   8.       9.   A.   B.   C.   D.   E.   F.
   8          //    0x40,0x79,0x24,0x30,0x19,0x12,0x02,0x78,0x00,0x10,0x08,0x03,0x46,0x21,0x06,0x0E
   9          
  10          uint_8 T_COM[]={0x01,0x02,0x04,0x08,0x10,0x20,0x40,0x80};  //位码
  11          
  12          //P7= 7654 3210
  13          void Nix_Init(void)
  14          {
  15   1              P7M0=0xFF; //IO口工作模式,推挽输出
  16   1              P7M1=0xFF;
  17   1              P6M0=0x00;
  18   1              P6M1=0x00;
  19   1      
  20   1              P7=0x00;    //全亮
  21   1              P6=Nix[0];  //段码 显示0
  22   1      }
  23          
  24          void Nix_Num(uint_8 digit,Number)     //静态
  25          {
  26   1              Nix_Init();
  27   1              P6=0x00;//消影
  28   1              switch(digit)
  29   1                      {
  30   2                              case 1: P7=~T_COM[7];break;     
  31   2                              case 2: P7=~T_COM[6];break;
  32   2                              case 3: P7=~T_COM[5];break;
  33   2                              case 4: P7=~T_COM[4];break;
  34   2                              case 5: P7=~T_COM[3];break;
  35   2                              case 6: P7=~T_COM[2];break;
  36   2                              case 7: P7=~T_COM[1];break;
  37   2                              case 8: P7=~T_COM[0];break;
  38   2                          default:
  39   2                                              break;
  40   2                      }
  41   1      //      Delay_ms(1);//位选后，防止程序直接进入段选
  42   1              P6=Nix[Number];
  43   1              Delay_ms(1);  //确保亮度无闪烁,消影，控制亮度
  44   1      //      P6=0x00;
  45   1      }       
  46          //人眼分辨频闪的时间大概20ms
  47          //void Nix_text(void)  //动态
  48          //{
  49          //      uint_8  i;
  50          //      Nix_Init();
  51          //      for (i=0;i<8;i++)
  52          //      {
  53          //              
  54          //              P6=Nix[i];
C51 COMPILER V9.54   NIX                                                                   05/17/2026 17:22:42 PAGE 2   

  55          //              Delay_ms(500);
  56          //      }
  57          //      P6=Nix[0];  //清0
  58          //      
  59          //}


MODULE INFORMATION:   STATIC OVERLAYABLE
   CODE SIZE        =    119    ----
   CONSTANT SIZE    =   ----    ----
   XDATA SIZE       =   ----    ----
   PDATA SIZE       =   ----    ----
   DATA SIZE        =     72    ----
   IDATA SIZE       =   ----    ----
   BIT SIZE         =   ----    ----
END OF MODULE INFORMATION.


C51 COMPILATION COMPLETE.  0 WARNING(S),  0 ERROR(S)
