C51 COMPILER V9.54   ADC                                                                   04/15/2026 09:51:06 PAGE 1   


C51 COMPILER V9.54, COMPILATION OF MODULE ADC
OBJECT MODULE PLACED IN .\Objects\ADC.obj
COMPILER INVOKED BY: C:\Users\Administrator\AppData\Local\Keil_v5\C51\BIN\C51.EXE ADC.c OPTIMIZE(8,SPEED) BROWSE DEBUG O
                    -BJECTEXTEND PRINT(.\Listings\ADC.lst) OBJECT(.\Objects\ADC.obj)

line level    source

   1          #include "ADC.h"
   2          
   3          unsigned char KeyCode = 0;
   4          unsigned char cnt1ms = 0;
   5          unsigned char ADC_KeyState = 0;
   6          unsigned char ADC_KeyHoldCnt = 0;
   7          
   8          //p223
   9          void ADC_Iint(void)
  10          {
  11   1      //    unsigned int j;
  12   1          P6M1 = 0XFF; P6M0 = 0XFF;
  13   1          P7M1 = 0X00; P7M0 = 0X00;
  14   1         P1M1 = P1M1 |0X08;  //高阻
  15   1      
  16   1         ADCCFG = ADCCFG|0X20;
  17   1          ADC_CONTR = 0x80;  //初始化ADC控制寄存器
  18   1          
  19   1      }
  20          
  21          unsigned int Get_ADC12bitResult(unsigned char channel)
  22          {
  23   1          ADC_RES = 0;
  24   1          ADC_RESL = 0;
  25   1      
  26   1          ADC_CONTR = (ADC_CONTR & 0xE0) |0X40 | channel;//启动AD转换
  27   1          _nop_();
  28   1          _nop_();
  29   1          _nop_();
  30   1          _nop_();
  31   1      
  32   1          while((ADC_CONTR & 0X20) == 0);
  33   1          ADC_CONTR &= ~0X20;
  34   1          return (((unsigned int)ADC_RES << 8) | ADC_RESL);
  35   1      
  36   1      }
  37          
  38          void CalculateAdcKey(unsigned char adc)
  39          {
  40   1          unsigned char i;
  41   1            unsigned char j;
  42   1      
  43   1            if(adc<(256-ADC_OFFSET))
  44   1            {
  45   2              ADC_KeyState = 0;
  46   2              ADC_KeyHoldCnt = 0;
  47   2      
  48   2            }
  49   1            j = 256;
  50   1      
  51   1            for(i=1;i<=16;i++)
  52   1            {
  53   2              if((adc>=(j - ADC_OFFSET))&&(adc<=(j + ADC_OFFSET)))
  54   2              break;
C51 COMPILER V9.54   ADC                                                                   04/15/2026 09:51:06 PAGE 2   

  55   2              j+= 256;
  56   2      
  57   2            }
  58   1              if(i<=16)
  59   1              {
  60   2                  KeyCode = i;
  61   2              }
  62   1      
  63   1      }
  64          void Timer0_Interrupt() interrupt 1
  65          {
  66   1          cnt1ms++;
  67   1      }


MODULE INFORMATION:   STATIC OVERLAYABLE
   CODE SIZE        =    115    ----
   CONSTANT SIZE    =   ----    ----
   XDATA SIZE       =   ----    ----
   PDATA SIZE       =   ----    ----
   DATA SIZE        =      4    ----
   IDATA SIZE       =   ----    ----
   BIT SIZE         =   ----    ----
END OF MODULE INFORMATION.


C51 COMPILATION COMPLETE.  0 WARNING(S),  0 ERROR(S)
