C51 COMPILER V9.54   MAIN                                                                  04/15/2026 09:51:52 PAGE 1   


C51 COMPILER V9.54, COMPILATION OF MODULE MAIN
OBJECT MODULE PLACED IN .\Objects\main.obj
COMPILER INVOKED BY: C:\Users\Administrator\AppData\Local\Keil_v5\C51\BIN\C51.EXE main.c OPTIMIZE(8,SPEED) BROWSE DEBUG 
                    -OBJECTEXTEND PRINT(.\Listings\main.lst) OBJECT(.\Objects\main.obj)

line level    source

   1          #include "main.h"
   2          
   3          extern volatile unsigned char KeyCode;
   4          extern volatile unsigned char cnt1ms;
   5          extern volatile unsigned char ADC_KeyState;
   6          extern volatile unsigned char ADC_KeyHoldCnt;
   7          
   8          unsigned char v[] = {0,0,0};
   9          
  10          unsigned int volotage = 0;
  11          
  12           int main(void)
  13          {
  14   1              unsigned int i,adc_val;
  15   1            ADC_Iint();
  16   1            Timer0_Init();
  17   1            while(1)
  18   1            {
  19   2            // P7 = 0xfe;
  20   2            //  P6 = Nix[KeyCode%10];
  21   2            //  Delay_ms(1);
  22   2            //  P6 = 0XFF;
  23   2      
  24   2            //  P7 = 0XFD;
  25   2            //  P6 = Nix[KeyCode/10];
  26   2            //  Delay_ms(1);
  27   2            //  P6 = 0XFF;
  28   2             
  29   2            //  if(cnt1ms>=30)
  30   2            //  {
  31   2            //       cnt1ms = 0;
  32   2            //       j = Get_ADC12bitResult(0);
  33   2            //       if(j>192)//256
  34   2            //       {
  35   2            //            Delay_ms(10);
  36   2            //            j = Get_ADC12bitResult(0);
  37   2            //           if(j<4096) CalculateAdcKey(j);
  38   2            //       }
  39   2      
  40   2            //  } 
  41   2             if(cnt1ms>=50)
  42   2             {
  43   3                  cnt1ms = 0;
  44   3                         adc_val = Get_ADC12bitResult(15); //1
  45   3      //            adc_val = Get_ADC12bitResult(3); //2
  46   3             }
  47   2             volotage = (250UL*adc_val) /4096; //1
  48   2      //         volotage = (500UL*adc_val) /4096;//2
  49   2      
  50   2             v[0] = volotage%10;
  51   2             v[1] = volotage/10%10;
  52   2             v[2] = volotage/100;
  53   2      
  54   2             for(i=0;i<3;i++)
C51 COMPILER V9.54   MAIN                                                                  04/15/2026 09:51:52 PAGE 2   

  55   2             {
  56   3                  P6 = 0XFF;
  57   3                  P7 = _crol_(0xfe,i);
  58   3      
  59   3                  if(i==2)P6 = Nix[v[i]] & 0x7f;
  60   3                  else P6 = Nix[v[i]];
  61   3                  Delay_ms(1);
  62   3                  P6 = 0XFF;
  63   3                  P7 = 0xFF;
  64   3      
  65   3             }
  66   2            }
  67   1      
  68   1      }
  69          
  70          
  71                 


MODULE INFORMATION:   STATIC OVERLAYABLE
   CODE SIZE        =    196    ----
   CONSTANT SIZE    =   ----    ----
   XDATA SIZE       =   ----    ----
   PDATA SIZE       =   ----    ----
   DATA SIZE        =      5       4
   IDATA SIZE       =   ----    ----
   BIT SIZE         =   ----    ----
END OF MODULE INFORMATION.


C51 COMPILATION COMPLETE.  0 WARNING(S),  0 ERROR(S)
