C51 COMPILER V9.54   TIMER                                                                 04/15/2026 09:51:06 PAGE 1   


C51 COMPILER V9.54, COMPILATION OF MODULE TIMER
OBJECT MODULE PLACED IN .\Objects\Timer.obj
COMPILER INVOKED BY: C:\Users\Administrator\AppData\Local\Keil_v5\C51\BIN\C51.EXE Timer.c OPTIMIZE(8,SPEED) BROWSE DEBUG
                    - OBJECTEXTEND PRINT(.\Listings\Timer.lst) OBJECT(.\Objects\Timer.obj)

line level    source

   1          #include "Timer.h"
   2          
   3          unsigned char cnt = 0;
   4          
   5          void Timer0_Init(void)      //锟斤拷时锟斤拷0锟叫讹拷  T0  MODE0
   6          {
   7   1              P7M0=0XFF;
   8   1              P7M1=0XFF;
   9   1              P6M0=0X00;
  10   1              P6M1=0X00;              
  11   1              AUXR = 0X7F; //锟斤拷锟斤拷锟侥达拷锟斤拷锟斤拷锟斤拷   
  12   1              
  13   1              TMOD = 0XF0;//锟斤拷时锟斤拷模式锟侥达拷锟斤拷锟斤拷锟斤拷
  14   1              TCON = 0X10;
  15   1              TL0 = 0XFF;
  16   1              TH0 = 0XFF;//50ms
  17   1              
  18   1              EA = 1;
  19   1              ET0 = 1;//锟叫讹拷锟斤拷锟斤拷位        
  20   1      }
  21          //锟叫讹拷时锟斤拷锟斤拷锟斤拷锟斤拷锟杰凤拷锟斤拷锟斤拷锟斤拷
  22          //锟叫断诧拷锟杰达拷锟斤拷
  23          //锟叫讹拷没锟叫凤拷锟斤拷值
  24          //锟叫断猴拷锟斤拷锟斤拷锟斤拷锟斤拷锟斤拷
  25          //锟叫断好达拷1.锟斤拷锟紺PU效锟斤拷2.实锟斤拷实时锟斤拷锟斤拷锟斤拷锟斤拷3.实锟街凤拷时锟斤拷锟斤拷
  26          //
  27          void Timer0(void) interrupt 0
  28          { 
  29   1                      cnt ++;
  30   1                      if(cnt == 20)
  31   1                      {
  32   2                              cnt = 0;                                        
  33   2                              P6 =~ P6;
  34   2                      }
  35   1      
  36   1      }


MODULE INFORMATION:   STATIC OVERLAYABLE
   CODE SIZE        =     53    ----
   CONSTANT SIZE    =   ----    ----
   XDATA SIZE       =   ----    ----
   PDATA SIZE       =   ----    ----
   DATA SIZE        =      1    ----
   IDATA SIZE       =   ----    ----
   BIT SIZE         =   ----    ----
END OF MODULE INFORMATION.


C51 COMPILATION COMPLETE.  0 WARNING(S),  0 ERROR(S)
