C51 COMPILER V9.54   KEY                                                                   05/13/2026 22:35:18 PAGE 1   


C51 COMPILER V9.54, COMPILATION OF MODULE KEY
OBJECT MODULE PLACED IN .\Objects\Key.obj
COMPILER INVOKED BY: C:\Users\Administrator\AppData\Local\Keil_v5\C51\BIN\C51.EXE Key.c OPTIMIZE(8,SPEED) BROWSE DEBUG O
                    -BJECTEXTEND PRINT(.\Listings\Key.lst) OBJECT(.\Objects\Key.obj)

line level    source

   1          #include "Key.h"
   2          
   3          void Key_Init(void)
   4          {
   5   1              P0M0=0x00;
   6   1              P0M1=0x00;//工作模式，双向
   7   1      
   8   1              P00 = 0;
   9   1              
  10   1      }
  11          
  12          
  13          void Key_text1(void)//按key0亮Nix1
  14          {
  15   1              Key_Init();
  16   1              Nix_Init();
  17   1              Delay_ms(2);
  18   1                      
  19   1              if(P06 == 0)//案件是否按下
  20   1                      {
  21   2                              
  22   2                              Nix_Num(1,2);//P7=0X7F;P6=0xA4;
  23   2      
  24   2                      }
  25   1                              Delay_ms(2);//加while不需要消影
  26   1                              P7=0xFF;//对P7进行复位，不加没效果
  27   1      
  28   1      }
  29          
  30          
  31          void Key_text2(void)
  32          {
  33   1              unsigned char cnt=0;
  34   1              Key_Init();
  35   1              Nix_Init();
  36   1              P7=0x7F;
  37   1              while(1)
  38   1              {
  39   2                      if(P06 == 0)//按键是否按下
  40   2                      {
  41   3                              Delay_ms(20);//消抖：硬件消抖加电容等，软件消抖加延时跳过 10~20ms
  42   3      
  43   3                              if(P06 == 0)//再次判断是否有键按下
  44   3                              {
  45   4                                      if(cnt%2==1)
  46   4                                              P6=0xF9;        
  47   4                                      else
  48   4                                              P6=0xC0;
  49   4                                      cnt++;          
  50   4                              while(P06==0);
  51   4                              }
  52   3                      
  53   3                      }
  54   2      //              Delay_ms(2);
C51 COMPILER V9.54   KEY                                                                   05/13/2026 22:35:18 PAGE 2   

  55   2      //              P7=0xFF;
  56   2              }
  57   1      }
  58          
  59          void Key_text3(void)
  60          {
  61   1              unsigned char cnt=0;
  62   1              Key_Init();
  63   1              Nix_Init();     
  64   1              Delay_ms(2);
  65   1      
  66   1              while(1)
  67   1                      {
  68   2                              if( P06 == 0)//再次判断是否有键按下
  69   2                                      {
  70   3                                              Delay_ms(20);//消抖：硬件消抖加电容等，软件消抖加延时跳过
  71   3      
  72   3                                              if( P06 == 0)//再次判断是否有键按下
  73   3                                              {
  74   4                                                      Nix_Num( 1, cnt);
  75   4                                                      cnt++;
  76   4                                              while( P06 == 0 );
  77   4                                              }
  78   3                                      }
  79   2      
  80   2      //                      P7=0xFF;//对P7进行复位,可不加
  81   2                              if( cnt > 9 ) cnt = 0;
  82   2                      }
  83   1      
  84   1      }


MODULE INFORMATION:   STATIC OVERLAYABLE
   CODE SIZE        =    135    ----
   CONSTANT SIZE    =   ----    ----
   XDATA SIZE       =   ----    ----
   PDATA SIZE       =   ----    ----
   DATA SIZE        =   ----       2
   IDATA SIZE       =   ----    ----
   BIT SIZE         =   ----    ----
END OF MODULE INFORMATION.


C51 COMPILATION COMPLETE.  0 WARNING(S),  0 ERROR(S)
