C51 COMPILER V9.54   LED                                                                   05/13/2026 22:35:18 PAGE 1   


C51 COMPILER V9.54, COMPILATION OF MODULE LED
OBJECT MODULE PLACED IN .\Objects\LED.obj
COMPILER INVOKED BY: C:\Users\Administrator\AppData\Local\Keil_v5\C51\BIN\C51.EXE LED.c OPTIMIZE(8,SPEED) BROWSE DEBUG O
                    -BJECTEXTEND PRINT(.\Listings\LED.lst) OBJECT(.\Objects\LED.obj)

line level    source

   1          #include "LED.h"
   2          #include "Delay.h"
   3          #include "intrins.h"
   4          
   5          unsigned char LED[]={0xFE,0xFD,0xFB,0xF7,0xEF,0xDF,0xBF,0x7F};
   6          unsigned char i,a,b,temp= 0x01;
   7          
   8          
   9          void LED_Init(void)
  10          {
  11   1          P_SW2 |= 0x80; 
  12   1      
  13   1          P0M1 = 0x30;   P0M0 = 0x30;         //0011 0000 P0^4 P0^5 引脚 均为1，配置开漏输出 其余为0
  14   1          P1M1 = 0x30;   P1M0 = 0x30;         //0011 0000 P1^4 P1^5 引脚 均为1，配置开漏输出 其余为0
  15   1          P2M1 = 0x3c;   P2M0 = 0x3c;         //0011 1100 P2^2 P2^3 P2^4 P2^5引脚为1，开漏输出
  16   1          P3M1 = 0x50;   P3M0 = 0x50;     //0101 0000 P3^4 模拟输入 P3^5 推挽输出     
  17   1          P4M1 = 0x3c;   P4M0 = 0x3c;         //0011 1100 P4^2 P4^3 P4^4 P4^5引脚为1，开漏输出
  18   1          P5M1 = 0x0c;   P5M0 = 0x0c;         //0000 1100     P5^2 P5^3 引脚 均为1，配置开漏输出 
  19   1          P6M1 = 0x00;   P6M0 = 0x00;         //0000 0000 所有PxM1=0,PxM0=0,准双向口 
  20   1          P7M1 = 0x00;   P7M0 = 0x00;         //0000 0000
  21   1      
  22   1          P40 = 0;            //LED Power On
  23   1      
  24   1      }


MODULE INFORMATION:   STATIC OVERLAYABLE
   CODE SIZE        =     51    ----
   CONSTANT SIZE    =   ----    ----
   XDATA SIZE       =   ----    ----
   PDATA SIZE       =   ----    ----
   DATA SIZE        =     12    ----
   IDATA SIZE       =   ----    ----
   BIT SIZE         =   ----    ----
END OF MODULE INFORMATION.


C51 COMPILATION COMPLETE.  0 WARNING(S),  0 ERROR(S)
