C51 COMPILER V9.54   MAIN                                                                  04/11/2026 01:29:30 PAGE 1   


C51 COMPILER V9.54, COMPILATION OF MODULE MAIN
OBJECT MODULE PLACED IN .\Objects\main.obj
COMPILER INVOKED BY: C:\Users\Administrator\AppData\Local\Keil_v5\C51\BIN\C51.EXE main.c OPTIMIZE(8,SPEED) BROWSE DEBUG 
                    -OBJECTEXTEND PRINT(.\Listings\main.lst) OBJECT(.\Objects\main.obj)

line level    source

   1          #include "main.h"
   2          
   3          // 全局变量定义
   4          volatile uint8_t sec = 0;   
   5          extern volatile bit g_timer_flag; 
   6          
   7          // 用于判断秒数是否变化
   8          uint8_t last_sec = 0xFF;     
   9          
  10          // 函数声明
  11          void Load_Seconds_From_EEPROM(void);    
  12          void Save_Seconds_To_EEPROM(void);
  13          
  14          
  15          
  16          /*
  17          //亮灯测试
  18          void main(void)
  19          {
  20                   uint8_t readVal;
  21                  I2C_Init();
  22                  
  23                  P40=0;
  24              P6 = 0xFF; // 熄灭 LED (假设低电平亮)
  25          
  26              // --- 测试写入 ---
  27              // 向地址 0x01 写入数据 0xFE
  28              eeprom_write(0x01, 0xFE);
  29              
  30          //    // --- 测试读取 ---
  31          //    // 从地址 0x01 读取数据
  32              readVal = eeprom_read(0x01);
  33          //    
  34          //    // --- 结果验证 ---
  35          //    // 将读取到的数据输出到 P6 口
  36          //    // 如果读取正确，P6 应为 0xFE (1111 1110)，即 P6.0 亮灯
  37              P6 = readVal;
  38                  
  39                  while(1);
  40          }
  41          */
  42          
  43          int main(void)
  44          {  
  45   1          // 1. 硬件初始化
  46   1          I2C_Init();   
  47   1          Nix_Init();   
  48   1      
  49   1          Load_Seconds_From_EEPROM();
  50   1          
  51   1          // 现在才初始化定时器，sec 已经是正确值了
  52   1          Timer0_Init(); 
  53   1          
  54   1          // 同步标记
C51 COMPILER V9.54   MAIN                                                                  04/11/2026 01:29:30 PAGE 2   

  55   1          last_sec = sec;
  56   1      
  57   1          while(1)
  58   1          {
  59   2              // --- 数码管动态扫描显示 ---
  60   2              P6 = 0XFF;        
  61   2              P7 = 0xfe;        
  62   2              P6 = Nix[sec % 10]; 
  63   2              Delay_ms(2);      
  64   2              
  65   2              P6 = 0XFF;        
  66   2              P7 = 0xfd;        
  67   2              P6 = Nix[sec / 10]; 
  68   2              Delay_ms(2);      
  69   2      
  70   2              // --- 数据保存逻辑 ---
  71   2              if (sec != last_sec)
  72   2              {
  73   3                  Save_Seconds_To_EEPROM(); 
  74   3                              Delay_ms(5);
  75   3                  last_sec = sec;           
  76   3              }
  77   2          }
  78   1      }
  79          
  80          /**
  81           * @brief 从 EEPROM 加载秒数
  82           */
  83          void Load_Seconds_From_EEPROM(void)
  84          {
  85   1          uint8_t val = eeprom_read(0x10);
  86   1              Delay_ms(5);
  87   1          if (val <= 99)
  88   1          {
  89   2              // 读取到有效数据 (0-99)，直接恢复
  90   2              sec = val;
  91   2          }
  92   1          else
  93   1          {
  94   2              sec = 0;
  95   2              eeprom_write(0x10, 0); 
  96   2          }
  97   1      }
  98          
  99          /**
 100           * @brief 保存秒数到 EEPROM
 101           */
 102          void Save_Seconds_To_EEPROM(void)
 103          {
 104   1          eeprom_write(0x10, sec);
 105   1      }


MODULE INFORMATION:   STATIC OVERLAYABLE
   CODE SIZE        =    134    ----
   CONSTANT SIZE    =   ----    ----
   XDATA SIZE       =   ----    ----
   PDATA SIZE       =   ----    ----
   DATA SIZE        =      2       1
   IDATA SIZE       =   ----    ----
   BIT SIZE         =   ----    ----
END OF MODULE INFORMATION.

C51 COMPILER V9.54   MAIN                                                                  04/11/2026 01:29:30 PAGE 3   


C51 COMPILATION COMPLETE.  0 WARNING(S),  0 ERROR(S)
