C51 COMPILER V9.54   LED                                                                   06/10/2026 08:25:25 PAGE 1   


C51 COMPILER V9.54, COMPILATION OF MODULE LED
OBJECT MODULE PLACED IN LED.OBJ
COMPILER INVOKED BY: C:\Users\Administrator\AppData\Local\Keil_v5\C51\BIN\C51.EXE LED.c LARGE OPTIMIZE(8,SPEED) BROWSE D
                    -EBUG OBJECTEXTEND PRINT(.\Listings\LED.lst)

line level    source

   1          #include "Led.h"
   2          #include "Delay.h"
   3          #include "intrins.h"
   4          
   5          void LED_Init(void)
   6          {
   7   1          P_SW2 |= 0x80; 
   8   1              
   9   1          P6M1 = 0x00;   
  10   1          P6M0 = 0xFF;   // P6 推挽输出
  11   1      
  12   1          P4M1 &= ~0x01; // P4.0 推挽输出(控制LED电源)
  13   1          P4M0 |= 0x01;
  14   1      
  15   1          P40 = 0;       // Led Power On
  16   1      }


MODULE INFORMATION:   STATIC OVERLAYABLE
   CODE SIZE        =     18    ----
   CONSTANT SIZE    =   ----    ----
   XDATA SIZE       =   ----    ----
   PDATA SIZE       =   ----    ----
   DATA SIZE        =   ----    ----
   IDATA SIZE       =   ----    ----
   BIT SIZE         =   ----    ----
END OF MODULE INFORMATION.


C51 COMPILATION COMPLETE.  0 WARNING(S),  0 ERROR(S)
