C51 COMPILER V9.54   NIX                                                                   06/10/2026 08:25:25 PAGE 1   


C51 COMPILER V9.54, COMPILATION OF MODULE NIX
OBJECT MODULE PLACED IN Nix.OBJ
COMPILER INVOKED BY: C:\Users\Administrator\AppData\Local\Keil_v5\C51\BIN\C51.EXE Nix.c LARGE OPTIMIZE(8,SPEED) BROWSE D
                    -EBUG OBJECTEXTEND PRINT(.\Listings\Nix.lst)

line level    source

   1          #include "Nix.h"
   2          #include "Delay.h"
   3          
   4          uint_32 Nix[]={0xC0,0xF9,0xA4,0xB0,0x99,0x92,0x82,0xF8,0x80,0x90,0x48};   
   5          uint_8 T_COM[]={0x01,0x02,0x04,0x08,0x10,0x20,0x40,0x80};  
   6          uint8_t code LedChar[] = {
   7              0xC0, //  0: ABCDEF
   8              0xF9, //  1: BC
   9              0xA4, //  2: ABDEG
  10              0xB0, //  3: ABCDG
  11              0x99, //  4: BCFG
  12              0x92, //  5: ACD-FG
  13              0x82, //  6: ACDEFG
  14              0xF8, //  7: ABC
  15              0x80, //  8: ABCDEFG
  16              0x90, //  9: ABCDFG
  17              0xBF, // 10: '-' (G)
  18              0xFF, // 11: зҶ„зҒӯ
  19              0x8E, // 12: 'F' (AEFG)
  20              0xC1, // 13: 'U' (BCDEF)
  21          };
  22          uint8_t LedBuff[8] = {0xFF,0xFF,0xFF,0xFF,0xFF,0xFF,0xFF,0xFF};
  23          void Nix_Init(void)
  24          {
  25   1          // и®ҫзҪ®дёәжҺЁжҢҪиҫ“еҮәпјҢеўһејәй©ұеҠЁиғҪеҠӣ
  26   1          P7M0 = 0xFF; 
  27   1          P7M1 = 0x00; 
  28   1          P6M0 = 0xFF;
  29   1          P6M1 = 0x00;
  30   1      
  31   1          P7 = 0xFF;    // е…ій—ӯдҪҚйҖү
  32   1      //    P6 = Nix[0];  // еҲқе§ӢжҳҫзӨә0
  33   1      }
  34          
  35          void Nix_Num(uint_8 digit, uint_8 Number)     
  36          {
  37   1          P6 = 0x00; // ж¶ҲеҪұ
  38   1          
  39   1          if(digit < 1 || digit > 8) return;
  40   1      
  41   1          // дҪҚйҖүпјҡдҪҺз”өе№іжңүж•Ҳ
  42   1          P7 = T_COM[digit]; 
  43   1          
  44   1          // ж®өйҖү
  45   1          if(Number <= 9)
  46   1              P6 = Nix[Number];
  47   1          else
  48   1              P6 = 0xFF; 
  49   1              
  50   1          Delay_ms(1);  
  51   1          P6 = 0x00; // ж¶ҲеҪұ
  52   1          P7 = 0xFF; // е…ій—ӯдҪҚйҖү
  53   1      }   
  54          
C51 COMPILER V9.54   NIX                                                                   06/10/2026 08:25:25 PAGE 2   

  55          void Nix_Display(unsigned char *buf)
  56          {
  57   1          static unsigned char pos = 0;
  58   1          
  59   1          P7 = 0xFF; // ж¶ҲеҪұ
  60   1          P6 = Nix[buf[pos]]; 
  61   1          P7 = ~(0x01 << pos); 
  62   1          pos = (pos + 1) % 8;
  63   1          Delay_ms(1); 
  64   1      }
  65          // ================= ж•°з Ғз®ЎеҠЁжҖҒжү«жҸҸ =================
  66          void Seg_Scan(void)
  67          {
  68   1          static unsigned char i = 0;  //В¶ВҜМ¬ЙЁГЁЛ·ТҪ
  69   1          
  70   1          P40 = 1;
  71   1          P6 = 0xFF;                  //В№ШұХӢГ№УҗВ¶О‘ВЎО»ВЈВ¬П”КҫП»Тҫ
  72   1          P7 = _crol_(0xfe,i);       //О»СЎЛ·ТҪЦөВёВіЦөВөВҪP7ВҝЪөНіО»
  73   1          P6 = LedBuff[7-i];            //В»ВәВіеҮёЦҗЛ·ТҪО»ЦғВөДҠГҪВҫЭӢНөВҪP0ВҝЪҚ
  74   1          if (i < sizeof(LedBuff)-1)  //Л·ТҪВөЭ”Г¶СӯВ»В·ВЈВ¬ВұйҖәХ»ВёГ¶В»ВәВіеҮё
  75   1              i++;
  76   1          else
  77   1              i = 0;
  78   1      }


MODULE INFORMATION:   STATIC OVERLAYABLE
   CODE SIZE        =    217    ----
   CONSTANT SIZE    =     14    ----
   XDATA SIZE       =     62    ----
   PDATA SIZE       =   ----    ----
   DATA SIZE        =   ----    ----
   IDATA SIZE       =   ----    ----
   BIT SIZE         =   ----    ----
END OF MODULE INFORMATION.


C51 COMPILATION COMPLETE.  0 WARNING(S),  0 ERROR(S)
