C51 COMPILER V9.54   RTC                                                                   05/20/2026 09:03:18 PAGE 1   


C51 COMPILER V9.54, COMPILATION OF MODULE RTC
OBJECT MODULE PLACED IN RTC.OBJ
COMPILER INVOKED BY: C:\Users\Administrator\AppData\Local\Keil_v5\C51\BIN\C51.EXE RTC.c OPTIMIZE(8,SPEED) BROWSE DEBUG O
                    -BJECTEXTEND PRINT(.\Listings\RTC.lst)

line level    source

   1          #include "RTC.h"
   2          extern uint8_t Rtc_Save[3];
   3          extern uint8_t clok_time[8];
   4          void RTC_config()
   5          {
   6   1              X32KCR = 0XC0;
   7   1              while(!(X32KCR & 0X01));
   8   1              RTCCFG &= ~0X02;
   9   1              
  10   1              // 4. 写入初始时间 (秒→分→时顺序写入)
  11   1          INISEC = Rtc_Save[2];
  12   1          INIMIN = Rtc_Save[1];
  13   1          INIHOUR = Rtc_Save[0];
  14   1              
  15   1              RTCCFG |= 0X01;
  16   1              RTCCR = 0X01;//启动RTC
  17   1      
  18   1              while(RTCCFG & 0x01);
  19   1      
  20   1      }
  21          
  22          void Display_Clock(void)
  23          {
  24   1       unsigned char i;
  25   1              clok_time[0] = HOUR / 10;
  26   1          clok_time[1] = HOUR % 10;
  27   1          clok_time[2] = 0xBF; 
  28   1          clok_time[3] = MIN / 10;
  29   1          clok_time[4] = MIN % 10;
  30   1          clok_time[5] = 0xBF; 
  31   1          clok_time[6] = SEC / 10;
  32   1          clok_time[7] = SEC % 10;
  33   1         
  34   1          for(i = 0; i < 8; i++)
  35   1          {
  36   2              P7 = _crol_(0xfe, i);
  37   2              
  38   2              if(i == 2 || i == 5)
  39   2                  P6 = clok_time[i]; // 显示分隔符 '-'
  40   2              else 
  41   2                  P6 = Nix[clok_time[7 - i]]; // 显示数字
  42   2              
  43   2              Delay_ms(1);
  44   2              P6 = 0xFF; // 消隐
  45   2          }
  46   1      }


MODULE INFORMATION:   STATIC OVERLAYABLE
   CODE SIZE        =    191    ----
   CONSTANT SIZE    =   ----    ----
   XDATA SIZE       =   ----    ----
   PDATA SIZE       =   ----    ----
   DATA SIZE        =   ----       1
C51 COMPILER V9.54   RTC                                                                   05/20/2026 09:03:18 PAGE 2   

   IDATA SIZE       =   ----    ----
   BIT SIZE         =   ----    ----
END OF MODULE INFORMATION.


C51 COMPILATION COMPLETE.  0 WARNING(S),  0 ERROR(S)
