C51 COMPILER V9.54   EEPROM                                                                04/10/2026 22:56:56 PAGE 1   


C51 COMPILER V9.54, COMPILATION OF MODULE EEPROM
OBJECT MODULE PLACED IN .\Objects\EEPROM.obj
COMPILER INVOKED BY: C:\Users\Administrator\AppData\Local\Keil_v5\C51\BIN\C51.EXE EEPROM.c OPTIMIZE(8,SPEED) BROWSE DEBU
                    -G OBJECTEXTEND PRINT(.\Listings\EEPROM.lst) OBJECT(.\Objects\EEPROM.obj)

line level    source

   1          #include "EEPROM.h"
   2          
   3          /**
   4           * @brief 向 EEPROM 写入一个字节
   5           * @param add: 地址
   6           * @param date: 数据
   7           */
   8          void eeprom_write(uint8_t add,uint8_t date)
   9          {
  10   1              I2C_Start();
  11   1              I2C_SendData(EEPROM_ADDR_WRITE);// 设备地址 + 写
  12   1              I2C_RecvACK();
  13   1      
  14   1              I2C_SendData(add);// 内存地址
  15   1              I2C_RecvACK();
  16   1      
  17   1              I2C_SendData(date);// 【关键修复】发送要写入的数据
  18   1              I2C_RecvACK();
  19   1      
  20   1              I2C_Stop();
  21   1          // EEPROM 写入周期通常为 5ms - 10ms
  22   1          // 必须延时，否则下一次读写会失败
  23   1              I2C_Delay();
  24   1      }
  25          
  26          /**
  27           * @brief 从 EEPROM 读取一个字节
  28           * @param add: 地址
  29           * @return: 数据
  30           */
  31          uint8_t eeprom_read(uint8_t add)
  32          {
  33   1              uint8_t date;
  34   1      
  35   1                // 1. 伪写：设置读取地址指针
  36   1              I2C_Start();
  37   1              I2C_SendData(EEPROM_ADDR_WRITE);// 设备地址 + 写
  38   1              I2C_RecvACK();
  39   1      
  40   1              I2C_SendData(add); // 内存地址
  41   1              I2C_RecvACK();
  42   1      
  43   1               // 2. 重复启动：开始读取
  44   1              I2C_Start();
  45   1              I2C_SendData(EEPROM_ADDR_READ);// 设备地址 + 读
  46   1              I2C_RecvACK();
  47   1      
  48   1               // 3. 接收数据
  49   1              date=I2C_RecvData();
  50   1      
  51   1               // 4. 发送 NAK 并停止
  52   1              I2C_SendNAK(); // 最后一个字节发送 NAK
  53   1              I2C_Stop();
  54   1      
C51 COMPILER V9.54   EEPROM                                                                04/10/2026 22:56:56 PAGE 2   

  55   1              return date;
  56   1      }


MODULE INFORMATION:   STATIC OVERLAYABLE
   CODE SIZE        =     83    ----
   CONSTANT SIZE    =   ----    ----
   XDATA SIZE       =   ----    ----
   PDATA SIZE       =   ----    ----
   DATA SIZE        =   ----       4
   IDATA SIZE       =   ----    ----
   BIT SIZE         =   ----    ----
END OF MODULE INFORMATION.


C51 COMPILATION COMPLETE.  0 WARNING(S),  0 ERROR(S)
