C51 COMPILER V9.54   MAIN                                                                  04/11/2026 01:16:37 PAGE 1   


C51 COMPILER V9.54, COMPILATION OF MODULE MAIN
OBJECT MODULE PLACED IN .\Objects\main.obj
COMPILER INVOKED BY: C:\Users\Administrator\AppData\Local\Keil_v5\C51\BIN\C51.EXE main.c OPTIMIZE(8,SPEED) BROWSE DEBUG 
                    -OBJECTEXTEND PRINT(.\Listings\main.lst) OBJECT(.\Objects\main.obj)

line level    source

   1          #include "main.h"
   2          void main(void)
   3          {
   4   1               uint8_t readVal;
   5   1              I2C_Init();
   6   1              
   7   1              P40=0;
   8   1          P6 = 0xFF; // 熄灭 LED (假设低电平亮)
   9   1      
  10   1          // --- 测试写入 ---
  11   1          // 向地址 0x01 写入数据 0xFE
  12   1          eeprom_write(0x01, 0xFE);
  13   1          
  14   1      //    // --- 测试读取 ---
  15   1      //    // 从地址 0x01 读取数据
  16   1          readVal = eeprom_read(0x01);
  17   1      //    
  18   1      //    // --- 结果验证 ---
  19   1      //    // 将读取到的数据输出到 P6 口
  20   1      //    // 如果读取正确，P6 应为 0xFE (1111 1110)，即 P6.0 亮灯
  21   1          P6 = readVal;
  22   1              
  23   1              while(1);
  24   1      }
  25          


MODULE INFORMATION:   STATIC OVERLAYABLE
   CODE SIZE        =     24    ----
   CONSTANT SIZE    =   ----    ----
   XDATA SIZE       =   ----    ----
   PDATA SIZE       =   ----    ----
   DATA SIZE        =   ----    ----
   IDATA SIZE       =   ----    ----
   BIT SIZE         =   ----    ----
END OF MODULE INFORMATION.


C51 COMPILATION COMPLETE.  0 WARNING(S),  0 ERROR(S)
