C51 COMPILER V9.54   GPIO                                                                  06/13/2026 16:25:35 PAGE 1   


C51 COMPILER V9.54, COMPILATION OF MODULE GPIO
OBJECT MODULE PLACED IN GPIO.OBJ
COMPILER INVOKED BY: C:\Users\Administrator\AppData\Local\Keil_v5\C51\BIN\C51.EXE GPIO.c LARGE OPTIMIZE(8,SPEED) BROWSE 
                    -DEBUG OBJECTEXTEND PRINT(.\Listings\GPIO.lst)

line level    source

   1          #include "GPIO.H"
   2          
   3          void GPIO()
   4          {
   5   1                  P0M0 = 0x00;       P0M1 = 0x00;                               
   6   1                  P1M0 = 0x00;       P1M1 = 0x00;                          
   7   1                  P2M0 = 0x00;       P2M1 = 0x00;  
   8   1                  P3M0 = 0x00;       P3M1 = 0x00;  
   9   1                  P4M0 = 0x00;       P4M1 = 0x00;  
  10   1                  P5M0 = 0x00;       P5M1 = 0x00;  
  11   1                  P6M0 = 0x00;       P6M1 = 0x00;  
  12   1                  P7M0 = 0x00;       P7M1 = 0x00;  
  13   1                  
  14   1                  P1M1 |= 0x08;
  15   1                 
  16   1      }


MODULE INFORMATION:   STATIC OVERLAYABLE
   CODE SIZE        =     37    ----
   CONSTANT SIZE    =   ----    ----
   XDATA SIZE       =   ----    ----
   PDATA SIZE       =   ----    ----
   DATA SIZE        =   ----    ----
   IDATA SIZE       =   ----    ----
   BIT SIZE         =   ----    ----
END OF MODULE INFORMATION.


C51 COMPILATION COMPLETE.  0 WARNING(S),  0 ERROR(S)
