C51 COMPILER V9.54   KEY                                                                   06/13/2026 16:25:35 PAGE 1   


C51 COMPILER V9.54, COMPILATION OF MODULE KEY
OBJECT MODULE PLACED IN Key.OBJ
COMPILER INVOKED BY: C:\Users\Administrator\AppData\Local\Keil_v5\C51\BIN\C51.EXE Key.c LARGE OPTIMIZE(8,SPEED) BROWSE D
                    -EBUG OBJECTEXTEND PRINT(.\Listings\Key.lst)

line level    source

   1          #include "Key.h"
   2          extern uint8_t led_lec[8];
   3          extern uint8_t key4_num;
   4          extern unsigned char code LedChar[];
   5          extern bit flag, flash_state, mode, led_f;
   6          #define ROW_0 0xBF
   7          #define ROW_1 0x7F
   8          
   9          void Key_Init(void)
  10          {
  11   1              P0M0=0x00;
  12   1              P0M1=0x00;//工作模式，双向       
  13   1      }
  14          
  15          unsigned char Key_scan(void)
  16          {
  17   1              unsigned char row,column, key_volume;
  18   1              P0 = 0X0F;
  19   1              if(P0 !=0x0F)
  20   1              {
  21   2                      Delay_ms(10);
  22   2                      if(P0 !=0x0F)
  23   2                      {
  24   3                              P0 = 0XBF;
  25   3                              if(P0!=0xBF)
  26   3                              {
  27   4                                      row=0;
  28   4                                      goto colume_scan;
  29   4                              }
  30   3                              P0 = 0X7F;
  31   3                              Delay_ms(10);
  32   3                              if(P0!=0x7F)
  33   3                              {
  34   4                                      row=1;
  35   4                                      goto colume_scan;
  36   4                              }
  37   3                              return(16);
  38   3                              
  39   3                              colume_scan:
  40   3                                                      if((P0&0X01)==0) column=0;
  41   3                                                      else if((P0&0X02)==0)column=1;
  42   3                                                      else if((P0&0X04)==0)column=2;
  43   3                                                      else column=3;
  44   3                                                      
  45   3                                                      key_volume=row*4+column;
  46   3                  
  47   3                                                      while((P0!=0x7F) && (P0!=0xBF));
  48   3                                                      return(key_volume); 
  49   3                      }
  50   2                      return(16);
  51   2              }
  52   1              else    
  53   1                      return(16);
  54   1      }
C51 COMPILER V9.54   KEY                                                                   06/13/2026 16:25:35 PAGE 2   



MODULE INFORMATION:   STATIC OVERLAYABLE
   CODE SIZE        =    139    ----
   CONSTANT SIZE    =   ----    ----
   XDATA SIZE       =   ----       2
   PDATA SIZE       =   ----    ----
   DATA SIZE        =   ----    ----
   IDATA SIZE       =   ----    ----
   BIT SIZE         =   ----    ----
END OF MODULE INFORMATION.


C51 COMPILATION COMPLETE.  0 WARNING(S),  0 ERROR(S)
