C51 COMPILER V9.54   NIX                                                                   05/17/2026 17:48:44 PAGE 1   


C51 COMPILER V9.54, COMPILATION OF MODULE NIX
OBJECT MODULE PLACED IN .\Nix.obj
COMPILER INVOKED BY: C:\Users\Administrator\AppData\Local\Keil_v5\C51\BIN\C51.EXE ..\Nix.c OPTIMIZE(8,SPEED) BROWSE DEBU
                    -G OBJECTEXTEND PRINT(.\Listings\Nix.lst) OBJECT(.\Nix.obj)

line level    source

   1          #include "Nix.h"
   2          #include "Delay.h"
   3          
   4          uint_32 Nix[]={0xC0,0xF9,0xA4,0xB0,0x99,0x92,0x82,0xF8,0x80,0x90,0x48};   
   5          uint_8 T_COM[]={0x01,0x02,0x04,0x08,0x10,0x20,0x40,0x80};  
   6          extern unsigned char LedBuff[6];
   7          void Nix_Init(void)
   8          {
   9   1          // 设置为推挽输出，增强驱动能力
  10   1          P7M0 = 0xFF; 
  11   1          P7M1 = 0x00; 
  12   1          P6M0 = 0xFF;
  13   1          P6M1 = 0x00;
  14   1      
  15   1          P7 = 0xFF;    // 关闭位选
  16   1          P6 = Nix[0];  // 初始显示0
  17   1      }
  18          
  19          void Nix_Num(uint_8 digit, uint_8 Number)     
  20          {
  21   1          P6 = 0x00; // 消影
  22   1          
  23   1          if(digit < 1 || digit > 8) return;
  24   1      
  25   1          // 位选：低电平有效
  26   1          P7 = ~T_COM[digit - 1]; 
  27   1          
  28   1          // 段选
  29   1          if(Number <= 9)
  30   1              P6 = Nix[Number];
  31   1          else
  32   1              P6 = 0xFF; 
  33   1              
  34   1          Delay_ms(1);  
  35   1          P6 = 0x00; // 消影
  36   1          P7 = 0xFF; // 关闭位选
  37   1      }   
  38          
  39          void LedScan(void)
  40          {
  41   1          static unsigned char i = 0;//动态扫描
  42   1          
  43   1          P6 = 0xFF; // 消影
  44   1          P7 = _crol_(0xfe , i);
  45   1          P6 = Nix[i]; 
  46   1           
  47   1          if(i < sizeof(LedBuff)-1)
  48   1                      i++;
  49   1              else
  50   1                      i = 0;
  51   1      }


MODULE INFORMATION:   STATIC OVERLAYABLE
C51 COMPILER V9.54   NIX                                                                   05/17/2026 17:48:44 PAGE 2   

   CODE SIZE        =    121    ----
   CONSTANT SIZE    =   ----    ----
   XDATA SIZE       =   ----    ----
   PDATA SIZE       =   ----    ----
   DATA SIZE        =     53    ----
   IDATA SIZE       =   ----    ----
   BIT SIZE         =   ----    ----
END OF MODULE INFORMATION.


C51 COMPILATION COMPLETE.  0 WARNING(S),  0 ERROR(S)
