C51 COMPILER V9.54   MAIN                                                                  12/19/2025 09:18:10 PAGE 1   


C51 COMPILER V9.54, COMPILATION OF MODULE MAIN
OBJECT MODULE PLACED IN .\Objects\main.obj
COMPILER INVOKED BY: D:\keil.C51\C51\BIN\C51.EXE main.c OPTIMIZE(8,SPEED) BROWSE DEBUG OBJECTEXTEND PRINT(.\Listings\mai
                    -n.lst) OBJECT(.\Objects\main.obj)

line level    source

   1          #include <stc8h.h>
   2          #include "Usart.h"
   3          #include "Delay.h"
   4          #include "Nix.h"
   5          
   6          unsigned char temp;
   7          /*
   8          @利用外部中断发送一个数据至PC端
   9          @解决按下和抬起都有接收到（外部中断触发方式，默认上升沿下降沿都触发）
  10          
  11          */
  12          int main(void)
  13          {  
  14   1              Nix_Init();
  15   1              Uart1_Init();             
  16   1          while(1)
  17   1              {
  18   2                      P6=0XFF;
  19   2                      P7=0xfe;   
  20   2                      P6 = Nix[temp%16];
  21   2                      Delay_ms(5);//保证数码管显示稳定，避免闪烁
  22   2                        
  23   2                      P6=0XFF;
  24   2                      P7=0xfd;    
  25   2                      P6 = Nix[temp/16];
  26   2                      Delay_ms(5);//保证数码管显示稳定，避免闪烁      
  27   2              
  28   2              }
  29   1                
  30   1      }
  31          
  32          void inter0_nix(void) interrupt 4
  33          {
  34   1              temp = SBUF;
  35   1              RI=0;   
  36   1                      
  37   1              SBUF = temp;    
  38   1              Delay_ms(2);
  39   1              while(TI == 1)
  40   1                      TI = 0;
  41   1      }
  42          
  43          //void inter0_zd(void) interrupt 0//中断服务函数的关键字 0是中断号
  44          //{     
  45          //      EX0 = 0;
  46          //      Delay_ms(20);
  47          //      SBUF = 0X25;
  48          //      
  49          //      if(P32 == 1)
  50          //              {                       
  51          //                      if(P32 == 1)
  52          //                      {                               
  53          //                              while(TI == 1)TI = 0;//TI == 1，发送结束                        
  54          //                      }
C51 COMPILER V9.54   MAIN                                                                  12/19/2025 09:18:10 PAGE 2   

  55          //              }
  56          //      Delay_ms(20);
  57          //      EX0 = 1;
  58          //      SBUF = 0X00;
  59          //}
  60          
  61          
*** WARNING C316 IN LINE 61 OF main.c: unterminated conditionals


MODULE INFORMATION:   STATIC OVERLAYABLE
   CODE SIZE        =    139    ----
   CONSTANT SIZE    =   ----    ----
   XDATA SIZE       =   ----    ----
   PDATA SIZE       =   ----    ----
   DATA SIZE        =      1    ----
   IDATA SIZE       =   ----    ----
   BIT SIZE         =   ----    ----
END OF MODULE INFORMATION.


C51 COMPILATION COMPLETE.  1 WARNING(S),  0 ERROR(S)
