C51 COMPILER V9.54   USART                                                                 12/19/2025 09:18:11 PAGE 1   


C51 COMPILER V9.54, COMPILATION OF MODULE USART
OBJECT MODULE PLACED IN .\Objects\Usart.obj
COMPILER INVOKED BY: D:\keil.C51\C51\BIN\C51.EXE Usart.c OPTIMIZE(8,SPEED) BROWSE DEBUG OBJECTEXTEND PRINT(.\Listings\Us
                    -art.lst) OBJECT(.\Objects\Usart.obj)

line level    source

   1          #include "Usart.h"
   2          #include "Delay.h"
   3          
   4          
   5          void Uart1_Init(void)           //9600bps@11.0592MHz
   6          {
   7   1              PCON |= 0x80; //PCON &= 0x7F;           //波特率不倍速SMOD = 0;波特率默认，             //倍速  SMOD = 1;波特率*2 
   8   1              SCON = 0x50;            //8位数据，可变波特率
   9   1              AUXR &= 0xBF;           //定时器时钟12T模式
  10   1              AUXR &= 0xFE;           //串口1定时器1
  11   1              TMOD &= 0x0F;           //定时器模式
  12   1              TMOD |= 0x20;           //定时器模式
  13   1              TL1 = 0xFA;//0xFD;                      //不倍速定时器初值0xFD;     //倍速 定时器初值0xFA;
  14   1              TH1 = 0xFA;//0xFD;                      //重装置
  15   1              ET1 = 0;                        //禁止定时器中断
  16   1              TR1 = 1;                        //定时器1开始计数
  17   1              
  18   1              IT0 = 1;//定时器模式
  19   1              EX0 = 1;
  20   1              
  21   1              EA = 1;//外部中断
  22   1              ES = 1;//串口中断开     
  23   1              
  24   1              TI=0;
  25   1              RI=0;
  26   1                      
  27   1      }
*** WARNING C316 IN LINE 27 OF Usart.c: unterminated conditionals


MODULE INFORMATION:   STATIC OVERLAYABLE
   CODE SIZE        =     41    ----
   CONSTANT SIZE    =   ----    ----
   XDATA SIZE       =   ----    ----
   PDATA SIZE       =   ----    ----
   DATA SIZE        =   ----    ----
   IDATA SIZE       =   ----    ----
   BIT SIZE         =   ----    ----
END OF MODULE INFORMATION.


C51 COMPILATION COMPLETE.  1 WARNING(S),  0 ERROR(S)
