C51 COMPILER V9.54   ADC                                                                   06/27/2026 13:45:14 PAGE 1   


C51 COMPILER V9.54, COMPILATION OF MODULE ADC
OBJECT MODULE PLACED IN ADC.OBJ
COMPILER INVOKED BY: C:\Users\Administrator\AppData\Local\Keil_v5\C51\BIN\C51.EXE ADC.c LARGE OPTIMIZE(8,SPEED) BROWSE D
                    -EBUG OBJECTEXTEND PRINT(.\Listings\ADC.lst)

line level    source

   1          #include "ADC.h"
   2          
   3          unsigned int Get_ADC12bitResult(unsigned char channel)
   4          {
   5   1          unsigned int timeout;
   6   1      
   7   1          ADC_RES = 0;    // ADC结果高四位
   8   1          ADC_RESL = 0;   // ADC结果低八位
   9   1      
  10   1          ADC_CONTR = (ADC_CONTR & 0xE0) | 0x40 | channel;  // 启动AD转换
  11   1          _nop_();
  12   1          _nop_();
  13   1          _nop_();
  14   1          _nop_();
  15   1      
  16   1          // 等待转换完成, 加超时保护(输入>Vref时ADC可能不完成, 防止死循环)
  17   1          timeout = 10000;
  18   1          while((ADC_CONTR & 0x20) == 0)
  19   1          {
  20   2              if(--timeout == 0) break;   // 超时退出, 返回0
  21   2          }
  22   1          ADC_CONTR &= ~0x20;              // 清除ADC转换完成标志(bit5), 原代码~0x02错误
  23   1          return (((unsigned int)ADC_RES << 8) | ADC_RESL);
  24   1      }


MODULE INFORMATION:   STATIC OVERLAYABLE
   CODE SIZE        =     48    ----
   CONSTANT SIZE    =   ----    ----
   XDATA SIZE       =   ----    ----
   PDATA SIZE       =   ----    ----
   DATA SIZE        =   ----    ----
   IDATA SIZE       =   ----    ----
   BIT SIZE         =   ----    ----
END OF MODULE INFORMATION.


C51 COMPILATION COMPLETE.  0 WARNING(S),  0 ERROR(S)
