C51 COMPILER V9.54   TIMER                                                                 06/27/2026 13:45:14 PAGE 1   


C51 COMPILER V9.54, COMPILATION OF MODULE TIMER
OBJECT MODULE PLACED IN Timer.OBJ
COMPILER INVOKED BY: C:\Users\Administrator\AppData\Local\Keil_v5\C51\BIN\C51.EXE Timer.c LARGE OPTIMIZE(8,SPEED) BROWSE
                    - DEBUG OBJECTEXTEND PRINT(.\Listings\Timer.lst)

line level    source

   1          #include <stc8h.h>
   2          
   3          sbit PWM_OUT = P2^3;
   4          
   5          void Timer1_Init()              //1ºÁë@12.000MHz
   6          {
   7   1              AUXR &= 0x7F;                   //¶¨ʱƷʱ֓12Tģʽ
   8   1              TMOD &= 0x0f;                   //ɨփ¶¨ʱƷģʽ
   9   1              TL1 = 0x18;                             //ɨփ¶¨ʱ³õʼֵ
  10   1              TH1 = 0xFC;                             //ɨփ¶¨ʱ³õʼֵ
  11   1              TF1 = 0;                                //ǥ³ýTF0±ꖾ
  12   1              TR1 = 1;                                //¶¨ʱƷ0¿ªʼ¼Ɗ±
  13   1              ET1 = 1;
  14   1              EA = 1;
  15   1      }
  16          
  17          void Timer0_Init()
  18          {
  19   1          TMOD &= 0XF0;
  20   1          TMOD |= 0X05;
  21   1          TF0 = 0;                                      //ǥ³ýTF0±ꖾ
  22   1          TR0= 1;                                  //¶¨ʱƷ0¿ªʼ¼Ɗ±
  23   1          TL0= 0x00;                           //ɨփ¶¨ʱ³õʼֵ
  24   1          TH0 = 0x00;                         //ɨփ¶¨ʱ³õʼֵ
  25   1          ET0 = 0;
  26   1          //P32=1;
  27   1      }
  28          
  29          
  30          
  31          void Timer2_Init(void)
  32          {
  33   1          AUXR |= 0x04;       // T2x12=1£¬¶¨ʱƷ2ʱ֓=ϵͳʱ֓/1
  34   1          
  35   1          IE2 |= 0x04;        // ET2=1£¬ʹĜ¶¨ʱƷ2֐¶ύ
  36   1          EA = 1;             // ¿ªƴל֐¶ύ
  37   1          
  38   1          // 4. ψֹͣ¶¨ʱƷ2
  39   1          AUXR &= ~0x10;      // T2R=0
  40   1      }
  41          
  42          void Timer2_SetFreq(unsigned long freq)
  43          {
  44   1          unsigned int reload;
  45   1          
  46   1          if(freq == 0 || freq > 6000000UL)  //上限改成6M，大于999999才关输出
  47   1          {
  48   2              AUXR &= ~0x10;
  49   2              PWM_OUT = 0;
  50   2              return;
  51   2          }
  52   1          reload = 65536UL - (12000000UL / (2UL * freq));
  53   1          
  54   1          T2H = (unsigned char)(reload >> 8);
C51 COMPILER V9.54   TIMER                                                                 06/27/2026 13:45:14 PAGE 2   

  55   1          T2L = (unsigned char)reload;
  56   1          
  57   1          AUXR |= 0x10;
  58   1      }
  59          
  60          // ¶¨ʱƷ2֐¶Ϸþαº¯ʽ£¨֐¶Ϻű2£¬¹ٷ½ʖ²ᑩ֤սȷ£©
  61          void Timer2_ISR(void) interrupt 12
  62          {
  63   1          // ·­תʤ³öҽ½ō
  64   1          PWM_OUT = ~PWM_OUT;
  65   1      }
  66          


MODULE INFORMATION:   STATIC OVERLAYABLE
   CODE SIZE        =    170    ----
   CONSTANT SIZE    =   ----    ----
   XDATA SIZE       =   ----       4
   PDATA SIZE       =   ----    ----
   DATA SIZE        =   ----    ----
   IDATA SIZE       =   ----    ----
   BIT SIZE         =   ----    ----
END OF MODULE INFORMATION.


C51 COMPILATION COMPLETE.  0 WARNING(S),  0 ERROR(S)
