C51 COMPILER V9.54   EEPROM                                                                04/08/2026 09:29:35 PAGE 1   


C51 COMPILER V9.54, COMPILATION OF MODULE EEPROM
OBJECT MODULE PLACED IN .\Objects\EEPROM.obj
COMPILER INVOKED BY: C:\Users\Administrator\AppData\Local\Keil_v5\C51\BIN\C51.EXE EEPROM.c OPTIMIZE(8,SPEED) BROWSE DEBU
                    -G OBJECTEXTEND PRINT(.\Listings\EEPROM.lst) OBJECT(.\Objects\EEPROM.obj)

line level    source

   1          #include "EEPROM.h"
   2          void eeprom_write(uint8_t add,uint8_t date)
   3          {
   4   1              unsigned int i;
   5   1              
   6   1              I2C_Start();
   7   1              I2C_SendData(0xa0);
   8   1              I2C_RecvACK();
   9   1              I2C_SendData(add);
  10   1              I2C_RecvACK();
  11   1              I2C_SendData(date);
  12   1              I2C_RecvACK();
  13   1              I2C_Stop();
  14   1      
  15   1              
  16   1          for(i=0; i<5000; i++)
  17   1              {_nop_();}
  18   1      }
  19          
  20          uint8_t eeprom_read(uint8_t add)
  21          {
  22   1              uint8_t date;
  23   1              I2C_Start();
  24   1              I2C_SendData(0xa0);
  25   1              I2C_RecvACK();
  26   1              I2C_SendData(add);
  27   1              I2C_RecvACK();
  28   1              
  29   1              I2C_Start();
  30   1              I2C_SendData(0xa1);
  31   1              I2C_RecvACK();
  32   1              date=I2C_RecvData();
  33   1              I2C_SendNAK();
  34   1              I2C_Stop();
  35   1              I2C_Delay();
  36   1              
  37   1              return date;
  38   1      }


MODULE INFORMATION:   STATIC OVERLAYABLE
   CODE SIZE        =     99    ----
   CONSTANT SIZE    =   ----    ----
   XDATA SIZE       =   ----    ----
   PDATA SIZE       =   ----    ----
   DATA SIZE        =   ----       4
   IDATA SIZE       =   ----    ----
   BIT SIZE         =   ----    ----
END OF MODULE INFORMATION.


C51 COMPILATION COMPLETE.  0 WARNING(S),  0 ERROR(S)
