C51 COMPILER V9.54   MAIN                                                                  04/24/2026 14:49:13 PAGE 1   


C51 COMPILER V9.54, COMPILATION OF MODULE MAIN
OBJECT MODULE PLACED IN .\Objects\main.obj
COMPILER INVOKED BY: C:\Users\Administrator\AppData\Local\Keil_v5\C51\BIN\C51.EXE main.c OPTIMIZE(8,SPEED) BROWSE DEBUG 
                    -OBJECTEXTEND PRINT(.\Listings\main.lst) OBJECT(.\Objects\main.obj)

line level    source

   1          #include "main.h"
   2          #include "Key.h"
   3          
   4          uint16_t temp0 = 0;
   5          uint16_t List[] = {0,0,0,0};
   6          sbit BUZZ  = P5^4;
   7          unsigned char KeyNum;
   8          void main(void)
   9          {  
  10   1              uint8_t i = 0;
  11   1              DS18B20_Init();
  12   1              temp0 = Get18B20Temp();
  13   1              Delay_ms(40000);
  14   1              Nix_Init();
  15   1              Key_Init();
  16   1              
  17   1            while(1)
  18   1            {
  19   2                        KeyNum=Key_scan();
  20   2                       Start18B20();
  21   2                       temp0 = Get18B20Temp();//152
  22   2                        
  23   2      //                List[0] = temp0/1000; //十位
  24   2      //                List[1] =     (temp0/100%10)&0x7f;//个位
  25   2      //                List[2] = temp0/100;   
  26   2      //                List[3] = temp0%100;
  27   2                        
  28   2                      List[0] = temp0 / 1000;          // 十位 (2553 / 1000 = 2)
  29   2              List[1] = (temp0 / 100) % 10;    // 个位 (2553 / 100 % 10 = 5)
  30   2              List[2] = (temp0 / 10) % 10;     // 十分位 (2553 / 10 % 10 = 5)
  31   2              List[3] = temp0 % 10;            // 百分位 (2553 % 10 = 3)
  32   2                      Nix_Num(5,List[0]);
  33   2                      Nix_Num(6,List[1]);
  34   2                      Nix_Num(7,List[2]);
  35   2                      Nix_Num(8,List[3]);
  36   2      
  37   2                        
  38   2                         if(temp0>3000){
  39   3                                      BUZZ = 0;
  40   3                                 if(KeyNum == 0){BUZZ = 1;Delay_ms(10000);
  41   4                         }
  42   3                         }
  43   2                         else
  44   2                                      BUZZ = 1;
  45   2                         if(KeyNum == 0|KeyNum == 1|KeyNum == 2|KeyNum == 3
  46   2                                 |KeyNum == 4|KeyNum ==5|KeyNum == 6|KeyNum == 7)
  47   2                         {
  48   3                              BUZZ = 1;
  49   3                         }
  50   2                         
  51   2      
  52   2            } 
  53   1                
  54   1      }
C51 COMPILER V9.54   MAIN                                                                  04/24/2026 14:49:13 PAGE 2   

  55          


MODULE INFORMATION:   STATIC OVERLAYABLE
   CODE SIZE        =    290    ----
   CONSTANT SIZE    =   ----    ----
   XDATA SIZE       =   ----    ----
   PDATA SIZE       =   ----    ----
   DATA SIZE        =     11       1
   IDATA SIZE       =   ----    ----
   BIT SIZE         =   ----    ----
END OF MODULE INFORMATION.


C51 COMPILATION COMPLETE.  0 WARNING(S),  0 ERROR(S)
