C51 COMPILER V9.54   DELAY                                                                 12/18/2025 09:45:18 PAGE 1   


C51 COMPILER V9.54, COMPILATION OF MODULE DELAY
OBJECT MODULE PLACED IN .\Objects\Delay.obj
COMPILER INVOKED BY: D:\keil.C51\C51\BIN\C51.EXE Delay.c OPTIMIZE(8,SPEED) BROWSE DEBUG OBJECTEXTEND PRINT(.\Listings\De
                    -lay.lst) OBJECT(.\Objects\Delay.obj)

line level    source

   1          #include "Delay.h"
   2          
   3          void Delay1ms(void)     //@11.0592MHz
   4          {
   5   1              unsigned char data i, j;
   6   1      
   7   1              _nop_();
   8   1              i = 2;
   9   1              j = 199;
  10   1              do
  11   1              {
  12   2                      while (--j);
  13   2              } while (--i);
  14   1      }
  15          


MODULE INFORMATION:   STATIC OVERLAYABLE
   CODE SIZE        =     10    ----
   CONSTANT SIZE    =   ----    ----
   XDATA SIZE       =   ----    ----
   PDATA SIZE       =   ----    ----
   DATA SIZE        =   ----    ----
   IDATA SIZE       =   ----    ----
   BIT SIZE         =   ----    ----
END OF MODULE INFORMATION.


C51 COMPILATION COMPLETE.  0 WARNING(S),  0 ERROR(S)
