C51 COMPILER V9.54   LCD1602                                                               12/18/2025 09:46:09 PAGE 1   


C51 COMPILER V9.54, COMPILATION OF MODULE LCD1602
OBJECT MODULE PLACED IN .\Objects\LCD1602.obj
COMPILER INVOKED BY: D:\keil.C51\C51\BIN\C51.EXE LCD1602.c OPTIMIZE(8,SPEED) BROWSE DEBUG OBJECTEXTEND PRINT(.\Listings\
                    -LCD1602.lst) OBJECT(.\Objects\LCD1602.obj)

line level    source

   1          #include "LCD1602.h"
   2          
   3          /****************** 初始化 *********************/
   4          void LCD_Init(void)
   5          {
   6   1              LCD_Write_Cmd(0x01); // 清屏00/01  LCD_Write_Cmd(0x00);
   7   1              LCD_Write_Cmd(0x06); // AC加1，画面不动
   8   1              LCD_Write_Cmd(0x0c); // 显示开，光标关，闪烁关
   9   1              LCD_Write_Cmd(0x38); // 8位数据接口，两行显示，5*7点阵
  10   1              LCD_Write_Cmd(0x80); // 从第一行第一列开始显示
  11   1      }
  12          /****************** 忙判断 *********************
  13          LCD_Data 与 0x80 进行或运算,判断 bit7 位标志
  14          @  若 LCD_Data 的 bit7 位是 0,则 LCD 不忙
  15          ***********************************************/
  16          void LCD_Check_Busy()
  17          {
  18   1              unsigned char temp;
  19   1              LCD_Data = 0xff;  //1111 1111
*** ERROR C202 IN LINE 19 OF LCD1602.c: 'P6': undefined identifier
  20   1              LCD_RS = 0;  // 0 指令
  21   1              LCD_RW = 1;      // 1 读
  22   1              do{
  23   2                      LCD_EN = 1;               // 拉高
  24   2                      temp = LCD_Data;  // 将  LCD 状态保存在 temp 中,判忙
*** ERROR C202 IN LINE 24 OF LCD1602.c: 'P6': undefined identifier
  25   2                      LCD_EN = 0;               // 负跳变使能
  26   2              }while(temp & 0x80);  // 结果为 1,LCD 忙,继续循环
  27   1      }
  28          /****************** 写指令 *********************/
  29          void LCD_Write_Cmd(unsigned char Cmd)
  30          {
  31   1              LCD_Check_Busy();
  32   1              LCD_RS = 0;  // 0 指令
  33   1              LCD_RW = 0;  // 0 写操作
  34   1              
  35   1              LCD_EN = 0;//开始为 0
  36   1              LCD_Data = Cmd;  // 送指令
*** ERROR C202 IN LINE 36 OF LCD1602.c: 'P6': undefined identifier
  37   1              Delay_ms(2);
  38   1              
  39   1              LCD_EN = 1;  // 拉高
  40   1              Delay_ms(5);//延时5ms,写入指令有效
  41   1      
  42   1              LCD_EN = 0;//负跳变，指令写入LCD
  43   1      }
  44          
  45          /****************** 写数据 *********************/
  46          void LCD_Write_Data(unsigned char Data)
  47          {
  48   1              LCD_Check_Busy();  // 数据
  49   1      
  50   1              LCD_RS = 1; 
  51   1              LCD_RW = 0;  // 0 写操作
C51 COMPILER V9.54   LCD1602                                                               12/18/2025 09:46:09 PAGE 2   

  52   1      
  53   1              LCD_EN = 0;
  54   1              LCD_Data = Data; 
*** ERROR C202 IN LINE 54 OF LCD1602.c: 'P6': undefined identifier
  55   1              Delay_ms(2);
  56   1              
  57   1              LCD_EN = 1;  
  58   1              Delay_ms(7);//延时7ms,写入数据有效
  59   1      
  60   1              LCD_EN = 0;//负跳变，数据写入LCD
  61   1      }
  62          // 清屏
  63          void LCD_Clear(void)
  64          {
  65   1          LCD_Write_Cmd(0x01);
  66   1          Delay_ms(1);
  67   1      }
  68          //光标定位:row1-2行,col1-16列
  69          void LCD_SetCursor(unsigned char row, unsigned char col)
  70          {
  71   1          unsigned char addr;
  72   1          if(row == 1)
  73   1              addr = 0x00 + col - 1; // 第一行起始地址0x00
  74   1          else
  75   1              addr = 0x40 + col - 1; // 第二行起始地址0x40
  76   1          LCD_Write_Cmd(addr | 0x80); // 地址+显示使能
  77   1      }
  78          // 显示字符串
  79          void LCD_ShowString(unsigned char row, unsigned char col, unsigned char *str)
  80          {
  81   1          LCD_SetCursor(row, col);
  82   1          while(*str != '\0')
  83   1          {
  84   2              LCD_Write_Data(*str);
  85   2              str++;
  86   2          }
  87   1      }
  88          
  89          

C51 COMPILATION COMPLETE.  0 WARNING(S),  4 ERROR(S)
