C51 COMPILER V9.54   KEY                                                                   05/13/2026 22:30:34 PAGE 1   


C51 COMPILER V9.54, COMPILATION OF MODULE KEY
OBJECT MODULE PLACED IN .\Objects\Key.obj
COMPILER INVOKED BY: C:\Users\Administrator\AppData\Local\Keil_v5\C51\BIN\C51.EXE Key.c OPTIMIZE(8,SPEED) BROWSE DEBUG O
                    -BJECTEXTEND PRINT(.\Listings\Key.lst) OBJECT(.\Objects\Key.obj)

line level    source

   1          #include "Key.h"
   2          
   3          #define ROW_0 0xBF
   4          #define ROW_1 0x7F
   5          void Key_Init(void)
   6          {
   7   1              P0M0=0x00;
   8   1              P0M1=0x00;//馱釬耀宒ㄛ邧砃      
   9   1      }
  10          
  11          unsigned char Key_scan(void)
  12          {
  13   1              unsigned char row, column, key_volume;
  14   1              Key_Init();
  15   1              P0 = 0x0F;
  16   1                      if(P0 != 0x0F)
  17   1                      {
  18   2                              Delay_ms(10);
  19   2                              if(P0 != 0x0F)//0000 1111
  20   2                              {
  21   3                                      //1.俴禸鏡      
  22   3      
  23   3                                      
  24   3                                      P0 = ROW_0;                             
  25   3                                      if(P0 != ROW_0)
  26   3                                      {
  27   4                                              row = 0;//0
  28   4                                              goto column_scan;
  29   4                                      }
  30   3                                      
  31   3                                      
  32   3                                      
  33   3                                      P0 = ROW_1;
  34   3                                      Delay_ms(10);
  35   3                                      if(P0 != ROW_1)
  36   3                                      {
  37   4                                              row = 1;//0
  38   4                                              goto column_scan;
  39   4                                      }                               
  40   3                                      //2.蹈禸鏡
  41   3                                      column_scan:
  42   3                                                              if ((P0&0x01) == 0) column = 0;         
  43   3                                                              else if ((P0&0x02) == 0) column = 1;
  44   3                                                              else if ((P0&0x04) == 0) column = 2;
  45   3                                                              else if ((P0&0x08) == 0) column = 3;                                            
  46   3                                      //數呾偌瑩硉
  47   3                                      key_volume = row*4+column;              
  48   3                                      while (P0 != (row == 0 ? ROW_0 : ROW_1));//1.
  49   3                                      Delay_ms(10);
  50   3      
  51   3                                      return (key_volume);
  52   3      
  53   3                              }
  54   2                      }
C51 COMPILER V9.54   KEY                                                                   05/13/2026 22:30:34 PAGE 2   

  55   1                      else return (16);
  56   1                      P0=0xFF;
  57   1      }
*** WARNING C291 IN LINE 57 OF Key.c: not every exit path returns a value


MODULE INFORMATION:   STATIC OVERLAYABLE
   CODE SIZE        =    148    ----
   CONSTANT SIZE    =   ----    ----
   XDATA SIZE       =   ----    ----
   PDATA SIZE       =   ----    ----
   DATA SIZE        =   ----       3
   IDATA SIZE       =   ----    ----
   BIT SIZE         =   ----    ----
END OF MODULE INFORMATION.


C51 COMPILATION COMPLETE.  1 WARNING(S),  0 ERROR(S)
