C51 COMPILER V9.54   MAIN                                                                  05/13/2026 22:30:34 PAGE 1   


C51 COMPILER V9.54, COMPILATION OF MODULE MAIN
OBJECT MODULE PLACED IN .\Objects\main.obj
COMPILER INVOKED BY: C:\Users\Administrator\AppData\Local\Keil_v5\C51\BIN\C51.EXE main.c OPTIMIZE(8,SPEED) BROWSE DEBUG 
                    -OBJECTEXTEND PRINT(.\Listings\main.lst) OBJECT(.\Objects\main.obj)

line level    source

   1          #include <stc8h.h>
   2          #include "LED.h"
   3          #include "Key.h"
   4          #include "Nix.h"
   5          
   6          unsigned char KeyNum;
   7          unsigned char pos_buf[8] = {0};//АЫЮЛЯдЪОЛКДц
   8          unsigned char pos = 8;//ЮЛбЁзДЬЌ
   9          
  10          int main(void)
  11          {
  12   1              unsigned char i;
  13   1              Key_Init();
  14   1              Nix_Init();//ГѕЪМЛЏ
  15   1              while(1)
  16   1                      {                               
  17   2                      KeyNum=Key_scan();//ЩЈУш
  18   2                      if(KeyNum != 16)
  19   2                              {
  20   3                      
  21   3                                for(i=8; i>0; i--)
  22   3                                      {
  23   4                                              pos_buf[i] = pos_buf[i-1];//ЕЭ->Ип
  24   4                                      }
  25   3                                      pos_buf[0] = KeyNum;
  26   3                                      //Delay_ms(100);//3.
  27   3      
  28   3                              }
  29   2                              Nix_Display(pos_buf);
  30   2                              
  31   2                      }
  32   1      }


MODULE INFORMATION:   STATIC OVERLAYABLE
   CODE SIZE        =     47    ----
   CONSTANT SIZE    =   ----    ----
   XDATA SIZE       =   ----    ----
   PDATA SIZE       =   ----    ----
   DATA SIZE        =     10    ----
   IDATA SIZE       =   ----    ----
   BIT SIZE         =   ----    ----
END OF MODULE INFORMATION.


C51 COMPILATION COMPLETE.  0 WARNING(S),  0 ERROR(S)
