C51 COMPILER V9.54   NIX                                                                   05/13/2026 22:30:34 PAGE 1   


C51 COMPILER V9.54, COMPILATION OF MODULE NIX
OBJECT MODULE PLACED IN .\Objects\Nix.obj
COMPILER INVOKED BY: C:\Users\Administrator\AppData\Local\Keil_v5\C51\BIN\C51.EXE Nix.c OPTIMIZE(8,SPEED) BROWSE DEBUG O
                    -BJECTEXTEND PRINT(.\Listings\Nix.lst) OBJECT(.\Objects\Nix.obj)

line level    source

   1          #include "Nix.h"
   2          #include "Delay.h"
   3          
   4          uint_32 Nix[]={0xC0,0xF9,0xA4,0xB0,0x99,0x92,0x82,0xF8};   //共阳
   5          //      0    1    2    3    4    5    6    7    8    9    A    B    C    D    E    F
   6          //    0xC0,0xF9,0xA4,0xB0,0x99,0x92,0x82,0xF8,0x80,0x90,0x88,0x83,0xC6,0xA1,0x86,0x8E
   7          //      0.       1.   2.   3.   4.       5.   6.   7.   8.       9.   A.   B.   C.   D.   E.   F.
   8          //    0x40,0x79,0x24,0x30,0x19,0x12,0x02,0x78,0x00,0x10,0x08,0x03,0x46,0x21,0x06,0x0E
   9          uint_8 T_COM[]={0x01,0x02,0x04,0x08,0x10,0x20,0x40,0x80};  //位码
  10          
  11          void Nix_Init(void)
  12          {
  13   1              P7M0=0xFF; //IO口工作模式,推挽输出
  14   1              P7M1=0xFF;
  15   1              P6M0=0x00;
  16   1              P6M1=0x00;
  17   1      
  18   1              P7=0x00;    //全亮
  19   1              P6=Nix[0];  //段码 显示0
  20   1      }
  21          
  22          void Nix_Num(uint_8 digit,Number)//静态
  23          {
  24   1              Nix_Init();
  25   1              
  26   1              switch(digit)
  27   1                      {
  28   2                              case 1: P7=~T_COM[7];break;     
  29   2                              case 2: P7=~T_COM[6];break;
  30   2                              case 3: P7=~T_COM[5];break;
  31   2                              case 4: P7=~T_COM[4];break;
  32   2                              case 5: P7=~T_COM[3];break;
  33   2                              case 6: P7=~T_COM[2];break;
  34   2                              case 7: P7=~T_COM[1];break;
  35   2                              case 8: P7=~T_COM[0];break;
  36   2                          default:
  37   2                                              break;
  38   2                      }
  39   1              P6=Nix[Number];
  40   1              //Delay_ms(1);  //确保亮度无闪烁,消影，控制亮度
  41   1              P7=0xFF;
  42   1      }   
  43          
  44          void Nix_Display(unsigned char *buf)
  45          {
  46   1          static unsigned char pos = 0;
  47   1          P7 = 0xFF;
  48   1          P6 = Nix[buf[pos]];
  49   1              P7= ~(T_COM[0]<< pos);
  50   1      //    P7 = ~(0x01 << pos);
  51   1          pos = (pos + 1) % 8;
  52   1          Delay_ms(1);
  53   1              P7 = 0xFF;
  54   1      }
C51 COMPILER V9.54   NIX                                                                   05/13/2026 22:30:34 PAGE 2   

  55          //人眼分辨频闪的时间大概20ms


MODULE INFORMATION:   STATIC OVERLAYABLE
   CODE SIZE        =    171    ----
   CONSTANT SIZE    =   ----    ----
   XDATA SIZE       =   ----    ----
   PDATA SIZE       =   ----    ----
   DATA SIZE        =     41    ----
   IDATA SIZE       =   ----    ----
   BIT SIZE         =   ----    ----
END OF MODULE INFORMATION.


C51 COMPILATION COMPLETE.  0 WARNING(S),  0 ERROR(S)
