C51 COMPILER V9.54   MAIN                                                                  12/15/2025 23:32:13 PAGE 1   


C51 COMPILER V9.54, COMPILATION OF MODULE MAIN
OBJECT MODULE PLACED IN .\Objects\main.obj
COMPILER INVOKED BY: D:\keil.C51\C51\BIN\C51.EXE main.c OPTIMIZE(8,SPEED) BROWSE DEBUG OBJECTEXTEND PRINT(.\Listings\mai
                    -n.lst) OBJECT(.\Objects\main.obj)

line level    source

   1          /************
   2          
   3          led鞫刻鑒앴（櫓뙤왠齡，눔왯랙箇
   4          
   5          ***************/
   6          
   7          
   8          #include <stc8h.h>
   9          #include "Usart.h"
  10          #include "Delay.h"
  11          #include "LED.h"
  12          
  13          unsigned char temp=0XFF;
  14          
  15          int main(void)
  16          {  
  17   1              LED_Init();
  18   1              Uart1_Init();
  19   1          while(1);
  20   1                
  21   1      }
  22          
  23          void inter0() interrupt 4
  24          {
  25   1              temp = SBUF;
  26   1              RI=0;
  27   1              P6=temp;
  28   1      }
  29          
*** WARNING C316 IN LINE 29 OF main.c: unterminated conditionals


MODULE INFORMATION:   STATIC OVERLAYABLE
   CODE SIZE        =     17    ----
   CONSTANT SIZE    =   ----    ----
   XDATA SIZE       =   ----    ----
   PDATA SIZE       =   ----    ----
   DATA SIZE        =      1    ----
   IDATA SIZE       =   ----    ----
   BIT SIZE         =   ----    ----
END OF MODULE INFORMATION.


C51 COMPILATION COMPLETE.  1 WARNING(S),  0 ERROR(S)
