C51 COMPILER V9.54   KEY                                                                   05/18/2026 10:03:51 PAGE 1   


C51 COMPILER V9.54, COMPILATION OF MODULE KEY
OBJECT MODULE PLACED IN .\Key.obj
COMPILER INVOKED BY: C:\Users\Administrator\AppData\Local\Keil_v5\C51\BIN\C51.EXE ..\2.ОВ¶ИПФКѕ\Key.c OPTIMIZE(8,SPEED) 
                    -BROWSE DEBUG OBJECTEXTEND PRINT(.\Listings\Key.lst) OBJECT(.\Key.obj)

line level    source

   1          #include "Key.h"
   2          
   3          #define ROW_0 0xBF
   4          #define ROW_1 0x7F
   5          void Key_Init(void)
   6          {
   7   1              P0M0=0x00;
   8   1              P0M1=0x00;//е·ҐдЅњжЁЎејЏпјЊеЏЊеђ‘       
   9   1      }
  10          
  11          unsigned char Key_scan(void)
  12          {
  13   1              unsigned char row, column, key_volume;
  14   1              P0 = 0x0F;
  15   1              if(P0 != 0x0F)
  16   1              {
  17   2                      Delay_ms(10);
  18   2                      if(P0 != 0x0F)
  19   2                      {
  20   3                              // иЎЊж‰«жЏЏ
  21   3                              P0 = ROW_0;
  22   3                              Delay_ms(1);
  23   3                              if(P0 != ROW_0)
  24   3                              {
  25   4                                      row = 0;
  26   4                              }
  27   3                              else
  28   3                              {
  29   4                                      P0 = ROW_1;
  30   4                                      Delay_ms(1);
  31   4                                      if(P0 != ROW_1)
  32   4                                      {
  33   5                                              row = 1;
  34   5                                      }
  35   4                                      else
  36   4                                      {
  37   5                                              // жњЄжЈЂжµ‹е€°жЊ‰й”®иЎЊпјЊиї”е›ћж— ж•€еЂј
  38   5                                              P0 = 0xFF;
  39   5                                              return 16;
  40   5                                      }
  41   4                              }
  42   3      
  43   3                              // е€—ж‰«жЏЏ
  44   3                              if((P0 & 0x01) == 0) column = 0;
  45   3                              else if((P0 & 0x02) == 0) column = 1;
  46   3                              else if((P0 & 0x04) == 0) column = 2;
  47   3                              else if((P0 & 0x08) == 0) column = 3;
  48   3                              else column = 4; // жњЄжЈЂжµ‹е€°е€—
  49   3      
  50   3                              // и®Ўз®—жЊ‰й”®еЂј
  51   3                              key_volume = row * 4 + column;
  52   3      
  53   3                              // з­‰еѕ…жЊ‰й”®й‡Љж”ѕ
  54   3                              while(P0 != (row == 0 ? ROW_0 : ROW_1));
C51 COMPILER V9.54   KEY                                                                   05/18/2026 10:03:51 PAGE 2   

  55   3                              Delay_ms(10);
  56   3      
  57   3                              return key_volume;
  58   3                      }
  59   2              }
  60   1              return 16; // ж— жЊ‰й”®жЊ‰дё‹
  61   1      }


MODULE INFORMATION:   STATIC OVERLAYABLE
   CODE SIZE        =    165    ----
   CONSTANT SIZE    =   ----    ----
   XDATA SIZE       =   ----    ----
   PDATA SIZE       =   ----    ----
   DATA SIZE        =   ----       3
   IDATA SIZE       =   ----    ----
   BIT SIZE         =   ----    ----
END OF MODULE INFORMATION.


C51 COMPILATION COMPLETE.  0 WARNING(S),  0 ERROR(S)
